# JRE version: Java(TM) SE Runtime Environment (8.0_66-b18) (build 1.8.0_66-b18)
# Java VM: Java HotSpot(TM) 64-Bit Server VM (25.66-b18 mixed mode windows-amd64 compressed oops)
Heap:
 PSYoungGen      total 155136K, used 57658K [0x00000000f5580000, 0x00000000ff180000, 0x0000000100000000)
  eden space 153600K, 37% used [0x00000000f5580000,0x00000000f8dcea88,0x00000000feb80000)
  from space 1536K, 0% used [0x00000000fee00000,0x00000000fee00000,0x00000000fef80000)
  to   space 2560K, 0% used [0x00000000feb80000,0x00000000feb80000,0x00000000fee00000)
 ParOldGen       total 110592K, used 62809K [0x00000000e0000000, 0x00000000e6c00000, 0x00000000f5580000)
  object space 110592K, 56% used [0x00000000e0000000,0x00000000e3d56708,0x00000000e6c00000)
 Metaspace       used 105844K, capacity 113790K, committed 113944K, reserved 1148928K
  class space    used 12534K, capacity 15104K, committed 15152K, reserved 1048576K
GC Heap History (10 events):
Event: 12164.558 GC heap before
{Heap before GC invocations=389 (full 183):
 PSYoungGen      total 156160K, used 605K [0x00000000f5580000, 0x00000000fef80000, 0x0000000100000000)
  eden space 154624K, 0% used [0x00000000f5580000,0x00000000f5580000,0x00000000fec80000)
  from space 1536K, 39% used [0x00000000fee00000,0x00000000fee97758,0x00000000fef80000)
  to   space 1536K, 0% used [0x00000000fec80000,0x00000000fec80000,0x00000000fee00000)
 ParOldGen       total 110592K, used 60878K [0x00000000e0000000, 0x00000000e6c00000, 0x00000000f5580000)
  object space 110592K, 55% used [0x00000000e0000000,0x00000000e3b73a28,0x00000000e6c00000)
 Metaspace       used 105218K, capacity 113090K, committed 113304K, reserved 1146880K
  class space    used 12472K, capacity 15004K, committed 15024K, reserved 1048576K
Event: 12164.742 GC heap after
Heap after GC invocations=389 (full 183):
 PSYoungGen      total 156160K, used 0K [0x00000000f5580000, 0x00000000fef80000, 0x0000000100000000)
  eden space 154624K, 0% used [0x00000000f5580000,0x00000000f5580000,0x00000000fec80000)
  from space 1536K, 0% used [0x00000000fee00000,0x00000000fee00000,0x00000000fef80000)
  to   space 1536K, 0% used [0x00000000fec80000,0x00000000fec80000,0x00000000fee00000)
 ParOldGen       total 110592K, used 61155K [0x00000000e0000000, 0x00000000e6c00000, 0x00000000f5580000)
  object space 110592K, 55% used [0x00000000e0000000,0x00000000e3bb8e28,0x00000000e6c00000)
 Metaspace       used 105218K, capacity 113090K, committed 113304K, reserved 1146880K
  class space    used 12472K, capacity 15004K, committed 15024K, reserved 1048576K
}
Event: 12224.562 GC heap before
{Heap before GC invocations=390 (full 183):
 PSYoungGen      total 156160K, used 3679K [0x00000000f5580000, 0x00000000fef80000, 0x0000000100000000)
  eden space 154624K, 2% used [0x00000000f5580000,0x00000000f5917d58,0x00000000fec80000)
  from space 1536K, 0% used [0x00000000fee00000,0x00000000fee00000,0x00000000fef80000)
  to   space 1536K, 0% used [0x00000000fec80000,0x00000000fec80000,0x00000000fee00000)
 ParOldGen       total 110592K, used 61155K [0x00000000e0000000, 0x00000000e6c00000, 0x00000000f5580000)
  object space 110592K, 55% used [0x00000000e0000000,0x00000000e3bb8e28,0x00000000e6c00000)
 Metaspace       used 105219K, capacity 113090K, committed 113304K, reserved 1146880K
  class space    used 12472K, capacity 15004K, committed 15024K, reserved 1048576K
Event: 12224.568 GC heap after
Heap after GC invocations=390 (full 183):
 PSYoungGen      total 156160K, used 160K [0x00000000f5580000, 0x00000000fef80000, 0x0000000100000000)
  eden space 154624K, 0% used [0x00000000f5580000,0x00000000f5580000,0x00000000fec80000)
  from space 1536K, 10% used [0x00000000fec80000,0x00000000feca8000,0x00000000fee00000)
  to   space 1536K, 0% used [0x00000000fee00000,0x00000000fee00000,0x00000000fef80000)
 ParOldGen       total 110592K, used 61155K [0x00000000e0000000, 0x00000000e6c00000, 0x00000000f5580000)
  object space 110592K, 55% used [0x00000000e0000000,0x00000000e3bb8e28,0x00000000e6c00000)
 Metaspace       used 105219K, capacity 113090K, committed 113304K, reserved 1146880K
  class space    used 12472K, capacity 15004K, committed 15024K, reserved 1048576K
}
Event: 12224.568 GC heap before
{Heap before GC invocations=391 (full 184):
 PSYoungGen      total 156160K, used 160K [0x00000000f5580000, 0x00000000fef80000, 0x0000000100000000)
  eden space 154624K, 0% used [0x00000000f5580000,0x00000000f5580000,0x00000000fec80000)
  from space 1536K, 10% used [0x00000000fec80000,0x00000000feca8000,0x00000000fee00000)
  to   space 1536K, 0% used [0x00000000fee00000,0x00000000fee00000,0x00000000fef80000)
 ParOldGen       total 110592K, used 61155K [0x00000000e0000000, 0x00000000e6c00000, 0x00000000f5580000)
  object space 110592K, 55% used [0x00000000e0000000,0x00000000e3bb8e28,0x00000000e6c00000)
 Metaspace       used 105219K, capacity 113090K, committed 113304K, reserved 1146880K
  class space    used 12472K, capacity 15004K, committed 15024K, reserved 1048576K
Event: 12224.723 GC heap after
Heap after GC invocations=391 (full 184):
 PSYoungGen      total 156160K, used 0K [0x00000000f5580000, 0x00000000fef80000, 0x0000000100000000)
  eden space 154624K, 0% used [0x00000000f5580000,0x00000000f5580000,0x00000000fec80000)
  from space 1536K, 0% used [0x00000000fec80000,0x00000000fec80000,0x00000000fee00000)
  to   space 1536K, 0% used [0x00000000fee00000,0x00000000fee00000,0x00000000fef80000)
 ParOldGen       total 110592K, used 61141K [0x00000000e0000000, 0x00000000e6c00000, 0x00000000f5580000)
  object space 110592K, 55% used [0x00000000e0000000,0x00000000e3bb56e0,0x00000000e6c00000)
 Metaspace       used 105219K, capacity 113090K, committed 113304K, reserved 1146880K
  class space    used 12472K, capacity 15004K, committed 15024K, reserved 1048576K
}
Event: 12352.966 GC heap before
{Heap before GC invocations=392 (full 184):
 PSYoungGen      total 156160K, used 67431K [0x00000000f5580000, 0x00000000fef80000, 0x0000000100000000)
  eden space 154624K, 43% used [0x00000000f5580000,0x00000000f9759e08,0x00000000fec80000)
  from space 1536K, 0% used [0x00000000fec80000,0x00000000fec80000,0x00000000fee00000)
  to   space 1536K, 0% used [0x00000000fee00000,0x00000000fee00000,0x00000000fef80000)
 ParOldGen       total 110592K, used 61141K [0x00000000e0000000, 0x00000000e6c00000, 0x00000000f5580000)
  object space 110592K, 55% used [0x00000000e0000000,0x00000000e3bb56e0,0x00000000e6c00000)
 Metaspace       used 105315K, capacity 113352K, committed 113560K, reserved 1148928K
  class space    used 12475K, capacity 15005K, committed 15024K, reserved 1048576K
Event: 12352.976 GC heap after
Heap after GC invocations=392 (full 184):
 PSYoungGen      total 155136K, used 1522K [0x00000000f5580000, 0x00000000ff180000, 0x0000000100000000)
  eden space 153600K, 0% used [0x00000000f5580000,0x00000000f5580000,0x00000000feb80000)
  from space 1536K, 99% used [0x00000000fee00000,0x00000000fef7cb80,0x00000000fef80000)
  to   space 2560K, 0% used [0x00000000feb80000,0x00000000feb80000,0x00000000fee00000)
 ParOldGen       total 110592K, used 62794K [0x00000000e0000000, 0x00000000e6c00000, 0x00000000f5580000)
  object space 110592K, 56% used [0x00000000e0000000,0x00000000e3d52a30,0x00000000e6c00000)
 Metaspace       used 105315K, capacity 113352K, committed 113560K, reserved 1148928K
  class space    used 12475K, capacity 15005K, committed 15024K, reserved 1048576K
}
Event: 12352.976 GC heap before
{Heap before GC invocations=393 (full 185):
 PSYoungGen      total 155136K, used 1522K [0x00000000f5580000, 0x00000000ff180000, 0x0000000100000000)
  eden space 153600K, 0% used [0x00000000f5580000,0x00000000f5580000,0x00000000feb80000)
  from space 1536K, 99% used [0x00000000fee00000,0x00000000fef7cb80,0x00000000fef80000)
  to   space 2560K, 0% used [0x00000000feb80000,0x00000000feb80000,0x00000000fee00000)
 ParOldGen       total 110592K, used 62794K [0x00000000e0000000, 0x00000000e6c00000, 0x00000000f5580000)
  object space 110592K, 56% used [0x00000000e0000000,0x00000000e3d52a30,0x00000000e6c00000)
 Metaspace       used 105315K, capacity 113352K, committed 113560K, reserved 1148928K
  class space    used 12475K, capacity 15005K, committed 15024K, reserved 1048576K
Event: 12353.215 GC heap after
Heap after GC invocations=393 (full 185):
 PSYoungGen      total 155136K, used 0K [0x00000000f5580000, 0x00000000ff180000, 0x0000000100000000)
  eden space 153600K, 0% used [0x00000000f5580000,0x00000000f5580000,0x00000000feb80000)
  from space 1536K, 0% used [0x00000000fee00000,0x00000000fee00000,0x00000000fef80000)
  to   space 2560K, 0% used [0x00000000feb80000,0x00000000feb80000,0x00000000fee00000)
 ParOldGen       total 110592K, used 62809K [0x00000000e0000000, 0x00000000e6c00000, 0x00000000f5580000)
  object space 110592K, 56% used [0x00000000e0000000,0x00000000e3d56708,0x00000000e6c00000)
 Metaspace       used 105315K, capacity 113352K, committed 113560K, reserved 1148928K
  class space    used 12475K, capacity 15005K, committed 15024K, reserved 1048576K
}

