# JRE version: Java(TM) SE Runtime Environment (8.0_66-b18) (build 1.8.0_66-b18)
# Java VM: Java HotSpot(TM) 64-Bit Server VM (25.66-b18 mixed mode windows-amd64 compressed oops)
Heap:
 PSYoungGen      total 140800K, used 46173K [0x00000000f5580000, 0x00000000fe000000, 0x0000000100000000)
  eden space 139776K, 33% used [0x00000000f5580000,0x00000000f82974b0,0x00000000fde00000)
  from space 1024K, 0% used [0x00000000fde00000,0x00000000fde00000,0x00000000fdf00000)
  to   space 1024K, 0% used [0x00000000fdf00000,0x00000000fdf00000,0x00000000fe000000)
 ParOldGen       total 97280K, used 45335K [0x00000000e0000000, 0x00000000e5f00000, 0x00000000f5580000)
  object space 97280K, 46% used [0x00000000e0000000,0x00000000e2c45db8,0x00000000e5f00000)
 Metaspace       used 87451K, capacity 93814K, committed 93952K, reserved 1130496K
  class space    used 10558K, capacity 12745K, committed 12800K, reserved 1048576K
GC Heap History (10 events):
Event: 19205.535 GC heap before
{Heap before GC invocations=166 (full 79):
 PSYoungGen      total 140800K, used 96K [0x00000000f5580000, 0x00000000fe000000, 0x0000000100000000)
  eden space 139776K, 0% used [0x00000000f5580000,0x00000000f5580000,0x00000000fde00000)
  from space 1024K, 9% used [0x00000000fde00000,0x00000000fde18000,0x00000000fdf00000)
  to   space 1024K, 0% used [0x00000000fdf00000,0x00000000fdf00000,0x00000000fe000000)
 ParOldGen       total 97280K, used 45176K [0x00000000e0000000, 0x00000000e5f00000, 0x00000000f5580000)
  object space 97280K, 46% used [0x00000000e0000000,0x00000000e2c1e0b8,0x00000000e5f00000)
 Metaspace       used 86527K, capacity 93050K, committed 93312K, reserved 1130496K
  class space    used 10458K, capacity 12645K, committed 12672K, reserved 1048576K
Event: 19205.679 GC heap after
Heap after GC invocations=166 (full 79):
 PSYoungGen      total 140800K, used 0K [0x00000000f5580000, 0x00000000fe000000, 0x0000000100000000)
  eden space 139776K, 0% used [0x00000000f5580000,0x00000000f5580000,0x00000000fde00000)
  from space 1024K, 0% used [0x00000000fde00000,0x00000000fde00000,0x00000000fdf00000)
  to   space 1024K, 0% used [0x00000000fdf00000,0x00000000fdf00000,0x00000000fe000000)
 ParOldGen       total 97280K, used 45166K [0x00000000e0000000, 0x00000000e5f00000, 0x00000000f5580000)
  object space 97280K, 46% used [0x00000000e0000000,0x00000000e2c1ba28,0x00000000e5f00000)
 Metaspace       used 86527K, capacity 93050K, committed 93312K, reserved 1130496K
  class space    used 10458K, capacity 12645K, committed 12672K, reserved 1048576K
}
Event: 19265.529 GC heap before
{Heap before GC invocations=167 (full 79):
 PSYoungGen      total 140800K, used 3889K [0x00000000f5580000, 0x00000000fe000000, 0x0000000100000000)
  eden space 139776K, 2% used [0x00000000f5580000,0x00000000f594c4e0,0x00000000fde00000)
  from space 1024K, 0% used [0x00000000fde00000,0x00000000fde00000,0x00000000fdf00000)
  to   space 1024K, 0% used [0x00000000fdf00000,0x00000000fdf00000,0x00000000fe000000)
 ParOldGen       total 97280K, used 45166K [0x00000000e0000000, 0x00000000e5f00000, 0x00000000f5580000)
  object space 97280K, 46% used [0x00000000e0000000,0x00000000e2c1ba28,0x00000000e5f00000)
 Metaspace       used 86527K, capacity 93050K, committed 93312K, reserved 1130496K
  class space    used 10458K, capacity 12645K, committed 12672K, reserved 1048576K
Event: 19265.535 GC heap after
Heap after GC invocations=167 (full 79):
 PSYoungGen      total 140800K, used 128K [0x00000000f5580000, 0x00000000fe000000, 0x0000000100000000)
  eden space 139776K, 0% used [0x00000000f5580000,0x00000000f5580000,0x00000000fde00000)
  from space 1024K, 12% used [0x00000000fdf00000,0x00000000fdf20000,0x00000000fe000000)
  to   space 1024K, 0% used [0x00000000fde00000,0x00000000fde00000,0x00000000fdf00000)
 ParOldGen       total 97280K, used 45166K [0x00000000e0000000, 0x00000000e5f00000, 0x00000000f5580000)
  object space 97280K, 46% used [0x00000000e0000000,0x00000000e2c1ba28,0x00000000e5f00000)
 Metaspace       used 86527K, capacity 93050K, committed 93312K, reserved 1130496K
  class space    used 10458K, capacity 12645K, committed 12672K, reserved 1048576K
}
Event: 19265.535 GC heap before
{Heap before GC invocations=168 (full 80):
 PSYoungGen      total 140800K, used 128K [0x00000000f5580000, 0x00000000fe000000, 0x0000000100000000)
  eden space 139776K, 0% used [0x00000000f5580000,0x00000000f5580000,0x00000000fde00000)
  from space 1024K, 12% used [0x00000000fdf00000,0x00000000fdf20000,0x00000000fe000000)
  to   space 1024K, 0% used [0x00000000fde00000,0x00000000fde00000,0x00000000fdf00000)
 ParOldGen       total 97280K, used 45166K [0x00000000e0000000, 0x00000000e5f00000, 0x00000000f5580000)
  object space 97280K, 46% used [0x00000000e0000000,0x00000000e2c1ba28,0x00000000e5f00000)
 Metaspace       used 86527K, capacity 93050K, committed 93312K, reserved 1130496K
  class space    used 10458K, capacity 12645K, committed 12672K, reserved 1048576K
Event: 19265.673 GC heap after
Heap after GC invocations=168 (full 80):
 PSYoungGen      total 140800K, used 0K [0x00000000f5580000, 0x00000000fe000000, 0x0000000100000000)
  eden space 139776K, 0% used [0x00000000f5580000,0x00000000f5580000,0x00000000fde00000)
  from space 1024K, 0% used [0x00000000fdf00000,0x00000000fdf00000,0x00000000fe000000)
  to   space 1024K, 0% used [0x00000000fde00000,0x00000000fde00000,0x00000000fdf00000)
 ParOldGen       total 97280K, used 45175K [0x00000000e0000000, 0x00000000e5f00000, 0x00000000f5580000)
  object space 97280K, 46% used [0x00000000e0000000,0x00000000e2c1dc08,0x00000000e5f00000)
 Metaspace       used 86527K, capacity 93050K, committed 93312K, reserved 1130496K
  class space    used 10458K, capacity 12645K, committed 12672K, reserved 1048576K
}
Event: 19325.541 GC heap before
{Heap before GC invocations=169 (full 80):
 PSYoungGen      total 140800K, used 8582K [0x00000000f5580000, 0x00000000fe000000, 0x0000000100000000)
  eden space 139776K, 6% used [0x00000000f5580000,0x00000000f5de19e0,0x00000000fde00000)
  from space 1024K, 0% used [0x00000000fdf00000,0x00000000fdf00000,0x00000000fe000000)
  to   space 1024K, 0% used [0x00000000fde00000,0x00000000fde00000,0x00000000fdf00000)
 ParOldGen       total 97280K, used 45175K [0x00000000e0000000, 0x00000000e5f00000, 0x00000000f5580000)
  object space 97280K, 46% used [0x00000000e0000000,0x00000000e2c1dc08,0x00000000e5f00000)
 Metaspace       used 86531K, capacity 93050K, committed 93312K, reserved 1130496K
  class space    used 10458K, capacity 12645K, committed 12672K, reserved 1048576K
Event: 19325.569 GC heap after
Heap after GC invocations=169 (full 80):
 PSYoungGen      total 140800K, used 480K [0x00000000f5580000, 0x00000000fe000000, 0x0000000100000000)
  eden space 139776K, 0% used [0x00000000f5580000,0x00000000f5580000,0x00000000fde00000)
  from space 1024K, 46% used [0x00000000fde00000,0x00000000fde78000,0x00000000fdf00000)
  to   space 1024K, 0% used [0x00000000fdf00000,0x00000000fdf00000,0x00000000fe000000)
 ParOldGen       total 97280K, used 45175K [0x00000000e0000000, 0x00000000e5f00000, 0x00000000f5580000)
  object space 97280K, 46% used [0x00000000e0000000,0x00000000e2c1dc08,0x00000000e5f00000)
 Metaspace       used 86531K, capacity 93050K, committed 93312K, reserved 1130496K
  class space    used 10458K, capacity 12645K, committed 12672K, reserved 1048576K
}
Event: 19325.569 GC heap before
{Heap before GC invocations=170 (full 81):
 PSYoungGen      total 140800K, used 480K [0x00000000f5580000, 0x00000000fe000000, 0x0000000100000000)
  eden space 139776K, 0% used [0x00000000f5580000,0x00000000f5580000,0x00000000fde00000)
  from space 1024K, 46% used [0x00000000fde00000,0x00000000fde78000,0x00000000fdf00000)
  to   space 1024K, 0% used [0x00000000fdf00000,0x00000000fdf00000,0x00000000fe000000)
 ParOldGen       total 97280K, used 45175K [0x00000000e0000000, 0x00000000e5f00000, 0x00000000f5580000)
  object space 97280K, 46% used [0x00000000e0000000,0x00000000e2c1dc08,0x00000000e5f00000)
 Metaspace       used 86531K, capacity 93050K, committed 93312K, reserved 1130496K
  class space    used 10458K, capacity 12645K, committed 12672K, reserved 1048576K
Event: 19325.694 GC heap after
Heap after GC invocations=170 (full 81):
 PSYoungGen      total 140800K, used 0K [0x00000000f5580000, 0x00000000fe000000, 0x0000000100000000)
  eden space 139776K, 0% used [0x00000000f5580000,0x00000000f5580000,0x00000000fde00000)
  from space 1024K, 0% used [0x00000000fde00000,0x00000000fde00000,0x00000000fdf00000)
  to   space 1024K, 0% used [0x00000000fdf00000,0x00000000fdf00000,0x00000000fe000000)
 ParOldGen       total 97280K, used 45335K [0x00000000e0000000, 0x00000000e5f00000, 0x00000000f5580000)
  object space 97280K, 46% used [0x00000000e0000000,0x00000000e2c45db8,0x00000000e5f00000)
 Metaspace       used 86531K, capacity 93050K, committed 93312K, reserved 1130496K
  class space    used 10458K, capacity 12645K, committed 12672K, reserved 1048576K
}

