# JRE version: Java(TM) SE Runtime Environment (8.0_66-b18) (build 1.8.0_66-b18)
# Java VM: Java HotSpot(TM) 64-Bit Server VM (25.66-b18 mixed mode windows-amd64 compressed oops)
Heap:
 PSYoungGen      total 132096K, used 52853K [0x00000000f5580000, 0x0000000100000000, 0x0000000100000000)
  eden space 94720K, 26% used [0x00000000f5580000,0x00000000f6e431d0,0x00000000fb200000)
  from space 37376K, 73% used [0x00000000fdb80000,0x00000000ff65a418,0x0000000100000000)
  to   space 39936K, 0% used [0x00000000fb200000,0x00000000fb200000,0x00000000fd900000)
 ParOldGen       total 116224K, used 44876K [0x00000000e0000000, 0x00000000e7180000, 0x00000000f5580000)
  object space 116224K, 38% used [0x00000000e0000000,0x00000000e2bd30f0,0x00000000e7180000)
 Metaspace       used 86812K, capacity 94310K, committed 94488K, reserved 1130496K
  class space    used 10583K, capacity 13071K, committed 13088K, reserved 1048576K
GC Heap History (10 events):
Event: 3.934 GC heap before
{Heap before GC invocations=11 (full 3):
 PSYoungGen      total 148992K, used 12354K [0x00000000f5580000, 0x00000000ffe80000, 0x0000000100000000)
  eden space 123392K, 0% used [0x00000000f5580000,0x00000000f5580000,0x00000000fce00000)
  from space 25600K, 48% used [0x00000000fe580000,0x00000000ff190b70,0x00000000ffe80000)
  to   space 24064K, 0% used [0x00000000fce00000,0x00000000fce00000,0x00000000fe580000)
 ParOldGen       total 96768K, used 36867K [0x00000000e0000000, 0x00000000e5e80000, 0x00000000f5580000)
  object space 96768K, 38% used [0x00000000e0000000,0x00000000e2400cc8,0x00000000e5e80000)
 Metaspace       used 54364K, capacity 59048K, committed 59160K, reserved 1099776K
  class space    used 6378K, capacity 7888K, committed 7968K, reserved 1048576K
Event: 4.086 GC heap after
Heap after GC invocations=11 (full 3):
 PSYoungGen      total 148992K, used 0K [0x00000000f5580000, 0x00000000ffe80000, 0x0000000100000000)
  eden space 123392K, 0% used [0x00000000f5580000,0x00000000f5580000,0x00000000fce00000)
  from space 25600K, 0% used [0x00000000fe580000,0x00000000fe580000,0x00000000ffe80000)
  to   space 24064K, 0% used [0x00000000fce00000,0x00000000fce00000,0x00000000fe580000)
 ParOldGen       total 116224K, used 37904K [0x00000000e0000000, 0x00000000e7180000, 0x00000000f5580000)
  object space 116224K, 32% used [0x00000000e0000000,0x00000000e25042f8,0x00000000e7180000)
 Metaspace       used 54364K, capacity 59048K, committed 59160K, reserved 1099776K
  class space    used 6378K, capacity 7888K, committed 7968K, reserved 1048576K
}
Event: 5.784 GC heap before
{Heap before GC invocations=12 (full 3):
 PSYoungGen      total 148992K, used 123392K [0x00000000f5580000, 0x00000000ffe80000, 0x0000000100000000)
  eden space 123392K, 100% used [0x00000000f5580000,0x00000000fce00000,0x00000000fce00000)
  from space 25600K, 0% used [0x00000000fe580000,0x00000000fe580000,0x00000000ffe80000)
  to   space 24064K, 0% used [0x00000000fce00000,0x00000000fce00000,0x00000000fe580000)
 ParOldGen       total 116224K, used 37904K [0x00000000e0000000, 0x00000000e7180000, 0x00000000f5580000)
  object space 116224K, 32% used [0x00000000e0000000,0x00000000e25042f8,0x00000000e7180000)
 Metaspace       used 68277K, capacity 74134K, committed 74392K, reserved 1114112K
  class space    used 8284K, capacity 10136K, committed 10144K, reserved 1048576K
Event: 5.800 GC heap after
Heap after GC invocations=12 (full 3):
 PSYoungGen      total 147456K, used 24057K [0x00000000f5580000, 0x0000000100000000, 0x0000000100000000)
  eden space 123392K, 0% used [0x00000000f5580000,0x00000000f5580000,0x00000000fce00000)
  from space 24064K, 99% used [0x00000000fce00000,0x00000000fe57e570,0x00000000fe580000)
  to   space 27136K, 0% used [0x00000000fe580000,0x00000000fe580000,0x0000000100000000)
 ParOldGen       total 116224K, used 40252K [0x00000000e0000000, 0x00000000e7180000, 0x00000000f5580000)
  object space 116224K, 34% used [0x00000000e0000000,0x00000000e274f050,0x00000000e7180000)
 Metaspace       used 68277K, capacity 74134K, committed 74392K, reserved 1114112K
  class space    used 8284K, capacity 10136K, committed 10144K, reserved 1048576K
}
Event: 42.188 GC heap before
{Heap before GC invocations=13 (full 3):
 PSYoungGen      total 147456K, used 147449K [0x00000000f5580000, 0x0000000100000000, 0x0000000100000000)
  eden space 123392K, 100% used [0x00000000f5580000,0x00000000fce00000,0x00000000fce00000)
  from space 24064K, 99% used [0x00000000fce00000,0x00000000fe57e570,0x00000000fe580000)
  to   space 27136K, 0% used [0x00000000fe580000,0x00000000fe580000,0x0000000100000000)
 ParOldGen       total 116224K, used 40252K [0x00000000e0000000, 0x00000000e7180000, 0x00000000f5580000)
  object space 116224K, 34% used [0x00000000e0000000,0x00000000e274f050,0x00000000e7180000)
 Metaspace       used 80383K, capacity 87148K, committed 87320K, reserved 1124352K
  class space    used 9863K, capacity 12016K, committed 12064K, reserved 1048576K
Event: 42.233 GC heap after
Heap after GC invocations=13 (full 3):
 PSYoungGen      total 133120K, used 27111K [0x00000000f5580000, 0x0000000100000000, 0x0000000100000000)
  eden space 105984K, 0% used [0x00000000f5580000,0x00000000f5580000,0x00000000fbd00000)
  from space 27136K, 99% used [0x00000000fe580000,0x00000000ffff9fd8,0x0000000100000000)
  to   space 34304K, 0% used [0x00000000fbd00000,0x00000000fbd00000,0x00000000fde80000)
 ParOldGen       total 116224K, used 44860K [0x00000000e0000000, 0x00000000e7180000, 0x00000000f5580000)
  object space 116224K, 38% used [0x00000000e0000000,0x00000000e2bcf0f0,0x00000000e7180000)
 Metaspace       used 80383K, capacity 87148K, committed 87320K, reserved 1124352K
  class space    used 9863K, capacity 12016K, committed 12064K, reserved 1048576K
}
Event: 100.241 GC heap before
{Heap before GC invocations=14 (full 3):
 PSYoungGen      total 133120K, used 133095K [0x00000000f5580000, 0x0000000100000000, 0x0000000100000000)
  eden space 105984K, 100% used [0x00000000f5580000,0x00000000fbd00000,0x00000000fbd00000)
  from space 27136K, 99% used [0x00000000fe580000,0x00000000ffff9fd8,0x0000000100000000)
  to   space 34304K, 0% used [0x00000000fbd00000,0x00000000fbd00000,0x00000000fde80000)
 ParOldGen       total 116224K, used 44860K [0x00000000e0000000, 0x00000000e7180000, 0x00000000f5580000)
  object space 116224K, 38% used [0x00000000e0000000,0x00000000e2bcf0f0,0x00000000e7180000)
 Metaspace       used 83695K, capacity 91114K, committed 91288K, reserved 1128448K
  class space    used 10248K, capacity 12657K, committed 12704K, reserved 1048576K
Event: 100.258 GC heap after
Heap after GC invocations=14 (full 3):
 PSYoungGen      total 135168K, used 28688K [0x00000000f5580000, 0x0000000100000000, 0x0000000100000000)
  eden space 105984K, 0% used [0x00000000f5580000,0x00000000f5580000,0x00000000fbd00000)
  from space 29184K, 98% used [0x00000000fbd00000,0x00000000fd9042a0,0x00000000fd980000)
  to   space 37376K, 0% used [0x00000000fdb80000,0x00000000fdb80000,0x0000000100000000)
 ParOldGen       total 116224K, used 44868K [0x00000000e0000000, 0x00000000e7180000, 0x00000000f5580000)
  object space 116224K, 38% used [0x00000000e0000000,0x00000000e2bd10f0,0x00000000e7180000)
 Metaspace       used 83695K, capacity 91114K, committed 91288K, reserved 1128448K
  class space    used 10248K, capacity 12657K, committed 12704K, reserved 1048576K
}
Event: 198.757 GC heap before
{Heap before GC invocations=15 (full 3):
 PSYoungGen      total 135168K, used 134672K [0x00000000f5580000, 0x0000000100000000, 0x0000000100000000)
  eden space 105984K, 100% used [0x00000000f5580000,0x00000000fbd00000,0x00000000fbd00000)
  from space 29184K, 98% used [0x00000000fbd00000,0x00000000fd9042a0,0x00000000fd980000)
  to   space 37376K, 0% used [0x00000000fdb80000,0x00000000fdb80000,0x0000000100000000)
 ParOldGen       total 116224K, used 44868K [0x00000000e0000000, 0x00000000e7180000, 0x00000000f5580000)
  object space 116224K, 38% used [0x00000000e0000000,0x00000000e2bd10f0,0x00000000e7180000)
 Metaspace       used 85790K, capacity 93206K, committed 93336K, reserved 1130496K
  class space    used 10487K, capacity 12941K, committed 12960K, reserved 1048576K
Event: 198.772 GC heap after
Heap after GC invocations=15 (full 3):
 PSYoungGen      total 132096K, used 27497K [0x00000000f5580000, 0x0000000100000000, 0x0000000100000000)
  eden space 94720K, 0% used [0x00000000f5580000,0x00000000f5580000,0x00000000fb200000)
  from space 37376K, 73% used [0x00000000fdb80000,0x00000000ff65a418,0x0000000100000000)
  to   space 39936K, 0% used [0x00000000fb200000,0x00000000fb200000,0x00000000fd900000)
 ParOldGen       total 116224K, used 44876K [0x00000000e0000000, 0x00000000e7180000, 0x00000000f5580000)
  object space 116224K, 38% used [0x00000000e0000000,0x00000000e2bd30f0,0x00000000e7180000)
 Metaspace       used 85790K, capacity 93206K, committed 93336K, reserved 1130496K
  class space    used 10487K, capacity 12941K, committed 12960K, reserved 1048576K
}

