# JRE version: Java(TM) SE Runtime Environment (8.0_66-b18) (build 1.8.0_66-b18)
# Java VM: Java HotSpot(TM) 64-Bit Server VM (25.66-b18 mixed mode windows-amd64 compressed oops)
Heap:
 PSYoungGen      total 149504K, used 43528K [0x00000000f5580000, 0x00000000ffa00000, 0x0000000100000000)
  eden space 132608K, 32% used [0x00000000f5580000,0x00000000f80022a8,0x00000000fd700000)
  from space 16896K, 0% used [0x00000000fe980000,0x00000000fe980000,0x00000000ffa00000)
  to   space 17920K, 0% used [0x00000000fd700000,0x00000000fd700000,0x00000000fe880000)
 ParOldGen       total 130048K, used 53449K [0x00000000e0000000, 0x00000000e7f00000, 0x00000000f5580000)
  object space 130048K, 41% used [0x00000000e0000000,0x00000000e34324f0,0x00000000e7f00000)
 Metaspace       used 95726K, capacity 103636K, committed 103808K, reserved 1138688K
  class space    used 11528K, capacity 14110K, committed 14208K, reserved 1048576K
GC Heap History (10 events):
Event: 1131.732 GC heap before
{Heap before GC invocations=49 (full 19):
 PSYoungGen      total 151552K, used 160K [0x00000000f5580000, 0x00000000ffe00000, 0x0000000100000000)
  eden space 132608K, 0% used [0x00000000f5580000,0x00000000f5580000,0x00000000fd700000)
  from space 18944K, 0% used [0x00000000feb80000,0x00000000feba8000,0x00000000ffe00000)
  to   space 19968K, 0% used [0x00000000fd700000,0x00000000fd700000,0x00000000fea80000)
 ParOldGen       total 130048K, used 54757K [0x00000000e0000000, 0x00000000e7f00000, 0x00000000f5580000)
  object space 130048K, 42% used [0x00000000e0000000,0x00000000e3579440,0x00000000e7f00000)
 Metaspace       used 94871K, capacity 102960K, committed 103040K, reserved 1138688K
  class space    used 11431K, capacity 13924K, committed 13952K, reserved 1048576K
Event: 1131.899 GC heap after
Heap after GC invocations=49 (full 19):
 PSYoungGen      total 151552K, used 0K [0x00000000f5580000, 0x00000000ffe00000, 0x0000000100000000)
  eden space 132608K, 0% used [0x00000000f5580000,0x00000000f5580000,0x00000000fd700000)
  from space 18944K, 0% used [0x00000000feb80000,0x00000000feb80000,0x00000000ffe00000)
  to   space 19968K, 0% used [0x00000000fd700000,0x00000000fd700000,0x00000000fea80000)
 ParOldGen       total 130048K, used 54719K [0x00000000e0000000, 0x00000000e7f00000, 0x00000000f5580000)
  object space 130048K, 42% used [0x00000000e0000000,0x00000000e356fee0,0x00000000e7f00000)
 Metaspace       used 94871K, capacity 102960K, committed 103040K, reserved 1138688K
  class space    used 11431K, capacity 13924K, committed 13952K, reserved 1048576K
}
Event: 1191.742 GC heap before
{Heap before GC invocations=50 (full 19):
 PSYoungGen      total 151552K, used 2926K [0x00000000f5580000, 0x00000000ffe00000, 0x0000000100000000)
  eden space 132608K, 2% used [0x00000000f5580000,0x00000000f585b950,0x00000000fd700000)
  from space 18944K, 0% used [0x00000000feb80000,0x00000000feb80000,0x00000000ffe00000)
  to   space 19968K, 0% used [0x00000000fd700000,0x00000000fd700000,0x00000000fea80000)
 ParOldGen       total 130048K, used 54719K [0x00000000e0000000, 0x00000000e7f00000, 0x00000000f5580000)
  object space 130048K, 42% used [0x00000000e0000000,0x00000000e356fee0,0x00000000e7f00000)
 Metaspace       used 94871K, capacity 102960K, committed 103040K, reserved 1138688K
  class space    used 11431K, capacity 13924K, committed 13952K, reserved 1048576K
Event: 1191.745 GC heap after
Heap after GC invocations=50 (full 19):
 PSYoungGen      total 133120K, used 160K [0x00000000f5580000, 0x00000000ffc00000, 0x0000000100000000)
  eden space 132608K, 0% used [0x00000000f5580000,0x00000000f5580000,0x00000000fd700000)
  from space 512K, 31% used [0x00000000fd700000,0x00000000fd728000,0x00000000fd780000)
  to   space 18944K, 0% used [0x00000000fe980000,0x00000000fe980000,0x00000000ffc00000)
 ParOldGen       total 130048K, used 54719K [0x00000000e0000000, 0x00000000e7f00000, 0x00000000f5580000)
  object space 130048K, 42% used [0x00000000e0000000,0x00000000e356fee0,0x00000000e7f00000)
 Metaspace       used 94871K, capacity 102960K, committed 103040K, reserved 1138688K
  class space    used 11431K, capacity 13924K, committed 13952K, reserved 1048576K
}
Event: 1191.745 GC heap before
{Heap before GC invocations=51 (full 20):
 PSYoungGen      total 133120K, used 160K [0x00000000f5580000, 0x00000000ffc00000, 0x0000000100000000)
  eden space 132608K, 0% used [0x00000000f5580000,0x00000000f5580000,0x00000000fd700000)
  from space 512K, 31% used [0x00000000fd700000,0x00000000fd728000,0x00000000fd780000)
  to   space 18944K, 0% used [0x00000000fe980000,0x00000000fe980000,0x00000000ffc00000)
 ParOldGen       total 130048K, used 54719K [0x00000000e0000000, 0x00000000e7f00000, 0x00000000f5580000)
  object space 130048K, 42% used [0x00000000e0000000,0x00000000e356fee0,0x00000000e7f00000)
 Metaspace       used 94871K, capacity 102960K, committed 103040K, reserved 1138688K
  class space    used 11431K, capacity 13924K, committed 13952K, reserved 1048576K
Event: 1192.106 GC heap after
Heap after GC invocations=51 (full 20):
 PSYoungGen      total 133120K, used 0K [0x00000000f5580000, 0x00000000ffc00000, 0x0000000100000000)
  eden space 132608K, 0% used [0x00000000f5580000,0x00000000f5580000,0x00000000fd700000)
  from space 512K, 0% used [0x00000000fd700000,0x00000000fd700000,0x00000000fd780000)
  to   space 18944K, 0% used [0x00000000fe980000,0x00000000fe980000,0x00000000ffc00000)
 ParOldGen       total 130048K, used 54122K [0x00000000e0000000, 0x00000000e7f00000, 0x00000000f5580000)
  object space 130048K, 41% used [0x00000000e0000000,0x00000000e34dabd0,0x00000000e7f00000)
 Metaspace       used 94871K, capacity 102960K, committed 103040K, reserved 1138688K
  class space    used 11431K, capacity 13924K, committed 13952K, reserved 1048576K
}
Event: 1254.727 GC heap before
{Heap before GC invocations=52 (full 20):
 PSYoungGen      total 133120K, used 9068K [0x00000000f5580000, 0x00000000ffc00000, 0x0000000100000000)
  eden space 132608K, 6% used [0x00000000f5580000,0x00000000f5e5b168,0x00000000fd700000)
  from space 512K, 0% used [0x00000000fd700000,0x00000000fd700000,0x00000000fd780000)
  to   space 18944K, 0% used [0x00000000fe980000,0x00000000fe980000,0x00000000ffc00000)
 ParOldGen       total 130048K, used 54122K [0x00000000e0000000, 0x00000000e7f00000, 0x00000000f5580000)
  object space 130048K, 41% used [0x00000000e0000000,0x00000000e34dabd0,0x00000000e7f00000)
 Metaspace       used 94893K, capacity 102960K, committed 103040K, reserved 1138688K
  class space    used 11431K, capacity 13924K, committed 13952K, reserved 1048576K
Event: 1254.731 GC heap after
Heap after GC invocations=52 (full 20):
 PSYoungGen      total 149504K, used 480K [0x00000000f5580000, 0x00000000ffa00000, 0x0000000100000000)
  eden space 132608K, 0% used [0x00000000f5580000,0x00000000f5580000,0x00000000fd700000)
  from space 16896K, 2% used [0x00000000fe980000,0x00000000fe9f8000,0x00000000ffa00000)
  to   space 17920K, 0% used [0x00000000fd700000,0x00000000fd700000,0x00000000fe880000)
 ParOldGen       total 130048K, used 54130K [0x00000000e0000000, 0x00000000e7f00000, 0x00000000f5580000)
  object space 130048K, 41% used [0x00000000e0000000,0x00000000e34dcbd0,0x00000000e7f00000)
 Metaspace       used 94893K, capacity 102960K, committed 103040K, reserved 1138688K
  class space    used 11431K, capacity 13924K, committed 13952K, reserved 1048576K
}
Event: 1254.731 GC heap before
{Heap before GC invocations=53 (full 21):
 PSYoungGen      total 149504K, used 480K [0x00000000f5580000, 0x00000000ffa00000, 0x0000000100000000)
  eden space 132608K, 0% used [0x00000000f5580000,0x00000000f5580000,0x00000000fd700000)
  from space 16896K, 2% used [0x00000000fe980000,0x00000000fe9f8000,0x00000000ffa00000)
  to   space 17920K, 0% used [0x00000000fd700000,0x00000000fd700000,0x00000000fe880000)
 ParOldGen       total 130048K, used 54130K [0x00000000e0000000, 0x00000000e7f00000, 0x00000000f5580000)
  object space 130048K, 41% used [0x00000000e0000000,0x00000000e34dcbd0,0x00000000e7f00000)
 Metaspace       used 94893K, capacity 102960K, committed 103040K, reserved 1138688K
  class space    used 11431K, capacity 13924K, committed 13952K, reserved 1048576K
Event: 1255.200 GC heap after
Heap after GC invocations=53 (full 21):
 PSYoungGen      total 149504K, used 0K [0x00000000f5580000, 0x00000000ffa00000, 0x0000000100000000)
  eden space 132608K, 0% used [0x00000000f5580000,0x00000000f5580000,0x00000000fd700000)
  from space 16896K, 0% used [0x00000000fe980000,0x00000000fe980000,0x00000000ffa00000)
  to   space 17920K, 0% used [0x00000000fd700000,0x00000000fd700000,0x00000000fe880000)
 ParOldGen       total 130048K, used 53449K [0x00000000e0000000, 0x00000000e7f00000, 0x00000000f5580000)
  object space 130048K, 41% used [0x00000000e0000000,0x00000000e34324f0,0x00000000e7f00000)
 Metaspace       used 94861K, capacity 102906K, committed 103040K, reserved 1138688K
  class space    used 11426K, capacity 13915K, committed 13952K, reserved 1048576K
}

