# JRE version: Java(TM) SE Runtime Environment (8.0_66-b18) (build 1.8.0_66-b18)
# Java VM: Java HotSpot(TM) 64-Bit Server VM (25.66-b18 mixed mode windows-amd64 compressed oops)
Heap:
 PSYoungGen      total 152064K, used 105890K [0x00000000f5580000, 0x00000000ff580000, 0x0000000100000000)
  eden space 151040K, 70% used [0x00000000f5580000,0x00000000fbce8a18,0x00000000fe900000)
  from space 1024K, 0% used [0x00000000fed80000,0x00000000fed80000,0x00000000fee80000)
  to   space 4608K, 0% used [0x00000000fe900000,0x00000000fe900000,0x00000000fed80000)
 ParOldGen       total 90112K, used 62584K [0x00000000e0000000, 0x00000000e5800000, 0x00000000f5580000)
  object space 90112K, 69% used [0x00000000e0000000,0x00000000e3d1e258,0x00000000e5800000)
 Metaspace       used 99694K, capacity 107290K, committed 107432K, reserved 1142784K
  class space    used 12198K, capacity 14727K, committed 14768K, reserved 1048576K
GC Heap History (10 events):
Event: 50428.988 GC heap before
{Heap before GC invocations=164 (full 78):
 PSYoungGen      total 155648K, used 496K [0x00000000f5580000, 0x00000000fee80000, 0x0000000100000000)
  eden space 154624K, 0% used [0x00000000f5580000,0x00000000f5580000,0x00000000fec80000)
  from space 1024K, 48% used [0x00000000fed80000,0x00000000fedfc010,0x00000000fee80000)
  to   space 1024K, 0% used [0x00000000fec80000,0x00000000fec80000,0x00000000fed80000)
 ParOldGen       total 90112K, used 54275K [0x00000000e0000000, 0x00000000e5800000, 0x00000000f5580000)
  object space 90112K, 60% used [0x00000000e0000000,0x00000000e3500cc8,0x00000000e5800000)
 Metaspace       used 93765K, capacity 101130K, committed 101288K, reserved 1136640K
  class space    used 11457K, capacity 13880K, committed 14000K, reserved 1048576K
Event: 50429.164 GC heap after
Heap after GC invocations=164 (full 78):
 PSYoungGen      total 155648K, used 0K [0x00000000f5580000, 0x00000000fee80000, 0x0000000100000000)
  eden space 154624K, 0% used [0x00000000f5580000,0x00000000f5580000,0x00000000fec80000)
  from space 1024K, 0% used [0x00000000fed80000,0x00000000fed80000,0x00000000fee80000)
  to   space 1024K, 0% used [0x00000000fec80000,0x00000000fec80000,0x00000000fed80000)
 ParOldGen       total 90112K, used 54294K [0x00000000e0000000, 0x00000000e5800000, 0x00000000f5580000)
  object space 90112K, 60% used [0x00000000e0000000,0x00000000e3505930,0x00000000e5800000)
 Metaspace       used 93765K, capacity 101130K, committed 101288K, reserved 1136640K
  class space    used 11457K, capacity 13880K, committed 14000K, reserved 1048576K
}
Event: 50488.988 GC heap before
{Heap before GC invocations=165 (full 78):
 PSYoungGen      total 155648K, used 4378K [0x00000000f5580000, 0x00000000fee80000, 0x0000000100000000)
  eden space 154624K, 2% used [0x00000000f5580000,0x00000000f59c6aa0,0x00000000fec80000)
  from space 1024K, 0% used [0x00000000fed80000,0x00000000fed80000,0x00000000fee80000)
  to   space 1024K, 0% used [0x00000000fec80000,0x00000000fec80000,0x00000000fed80000)
 ParOldGen       total 90112K, used 54294K [0x00000000e0000000, 0x00000000e5800000, 0x00000000f5580000)
  object space 90112K, 60% used [0x00000000e0000000,0x00000000e3505930,0x00000000e5800000)
 Metaspace       used 93765K, capacity 101130K, committed 101288K, reserved 1136640K
  class space    used 11457K, capacity 13880K, committed 14000K, reserved 1048576K
Event: 50488.995 GC heap after
Heap after GC invocations=165 (full 78):
 PSYoungGen      total 155648K, used 160K [0x00000000f5580000, 0x00000000fee80000, 0x0000000100000000)
  eden space 154624K, 0% used [0x00000000f5580000,0x00000000f5580000,0x00000000fec80000)
  from space 1024K, 15% used [0x00000000fec80000,0x00000000feca8000,0x00000000fed80000)
  to   space 1024K, 0% used [0x00000000fed80000,0x00000000fed80000,0x00000000fee80000)
 ParOldGen       total 90112K, used 54294K [0x00000000e0000000, 0x00000000e5800000, 0x00000000f5580000)
  object space 90112K, 60% used [0x00000000e0000000,0x00000000e3505930,0x00000000e5800000)
 Metaspace       used 93765K, capacity 101130K, committed 101288K, reserved 1136640K
  class space    used 11457K, capacity 13880K, committed 14000K, reserved 1048576K
}
Event: 50488.995 GC heap before
{Heap before GC invocations=166 (full 79):
 PSYoungGen      total 155648K, used 160K [0x00000000f5580000, 0x00000000fee80000, 0x0000000100000000)
  eden space 154624K, 0% used [0x00000000f5580000,0x00000000f5580000,0x00000000fec80000)
  from space 1024K, 15% used [0x00000000fec80000,0x00000000feca8000,0x00000000fed80000)
  to   space 1024K, 0% used [0x00000000fed80000,0x00000000fed80000,0x00000000fee80000)
 ParOldGen       total 90112K, used 54294K [0x00000000e0000000, 0x00000000e5800000, 0x00000000f5580000)
  object space 90112K, 60% used [0x00000000e0000000,0x00000000e3505930,0x00000000e5800000)
 Metaspace       used 93765K, capacity 101130K, committed 101288K, reserved 1136640K
  class space    used 11457K, capacity 13880K, committed 14000K, reserved 1048576K
Event: 50489.105 GC heap after
Heap after GC invocations=166 (full 79):
 PSYoungGen      total 155648K, used 0K [0x00000000f5580000, 0x00000000fee80000, 0x0000000100000000)
  eden space 154624K, 0% used [0x00000000f5580000,0x00000000f5580000,0x00000000fec80000)
  from space 1024K, 0% used [0x00000000fec80000,0x00000000fec80000,0x00000000fed80000)
  to   space 1024K, 0% used [0x00000000fed80000,0x00000000fed80000,0x00000000fee80000)
 ParOldGen       total 90112K, used 54104K [0x00000000e0000000, 0x00000000e5800000, 0x00000000f5580000)
  object space 90112K, 60% used [0x00000000e0000000,0x00000000e34d60f0,0x00000000e5800000)
 Metaspace       used 93765K, capacity 101130K, committed 101288K, reserved 1136640K
  class space    used 11457K, capacity 13880K, committed 14000K, reserved 1048576K
}
Event: 50570.752 GC heap before
{Heap before GC invocations=167 (full 79):
 PSYoungGen      total 155648K, used 118121K [0x00000000f5580000, 0x00000000fee80000, 0x0000000100000000)
  eden space 154624K, 76% used [0x00000000f5580000,0x00000000fc8da5c8,0x00000000fec80000)
  from space 1024K, 0% used [0x00000000fec80000,0x00000000fec80000,0x00000000fed80000)
  to   space 1024K, 0% used [0x00000000fed80000,0x00000000fed80000,0x00000000fee80000)
 ParOldGen       total 90112K, used 54104K [0x00000000e0000000, 0x00000000e5800000, 0x00000000f5580000)
  object space 90112K, 60% used [0x00000000e0000000,0x00000000e34d60f0,0x00000000e5800000)
 Metaspace       used 98706K, capacity 106198K, committed 106280K, reserved 1140736K
  class space    used 12103K, capacity 14585K, committed 14640K, reserved 1048576K
Event: 50570.767 GC heap after
Heap after GC invocations=167 (full 79):
 PSYoungGen      total 152064K, used 1024K [0x00000000f5580000, 0x00000000ff580000, 0x0000000100000000)
  eden space 151040K, 0% used [0x00000000f5580000,0x00000000f5580000,0x00000000fe900000)
  from space 1024K, 100% used [0x00000000fed80000,0x00000000fee80000,0x00000000fee80000)
  to   space 4608K, 0% used [0x00000000fe900000,0x00000000fe900000,0x00000000fed80000)
 ParOldGen       total 90112K, used 63201K [0x00000000e0000000, 0x00000000e5800000, 0x00000000f5580000)
  object space 90112K, 70% used [0x00000000e0000000,0x00000000e3db8758,0x00000000e5800000)
 Metaspace       used 98706K, capacity 106198K, committed 106280K, reserved 1140736K
  class space    used 12103K, capacity 14585K, committed 14640K, reserved 1048576K
}
Event: 50570.767 GC heap before
{Heap before GC invocations=168 (full 80):
 PSYoungGen      total 152064K, used 1024K [0x00000000f5580000, 0x00000000ff580000, 0x0000000100000000)
  eden space 151040K, 0% used [0x00000000f5580000,0x00000000f5580000,0x00000000fe900000)
  from space 1024K, 100% used [0x00000000fed80000,0x00000000fee80000,0x00000000fee80000)
  to   space 4608K, 0% used [0x00000000fe900000,0x00000000fe900000,0x00000000fed80000)
 ParOldGen       total 90112K, used 63201K [0x00000000e0000000, 0x00000000e5800000, 0x00000000f5580000)
  object space 90112K, 70% used [0x00000000e0000000,0x00000000e3db8758,0x00000000e5800000)
 Metaspace       used 98706K, capacity 106198K, committed 106280K, reserved 1140736K
  class space    used 12103K, capacity 14585K, committed 14640K, reserved 1048576K
Event: 50571.227 GC heap after
Heap after GC invocations=168 (full 80):
 PSYoungGen      total 152064K, used 0K [0x00000000f5580000, 0x00000000ff580000, 0x0000000100000000)
  eden space 151040K, 0% used [0x00000000f5580000,0x00000000f5580000,0x00000000fe900000)
  from space 1024K, 0% used [0x00000000fed80000,0x00000000fed80000,0x00000000fee80000)
  to   space 4608K, 0% used [0x00000000fe900000,0x00000000fe900000,0x00000000fed80000)
 ParOldGen       total 90112K, used 62584K [0x00000000e0000000, 0x00000000e5800000, 0x00000000f5580000)
  object space 90112K, 69% used [0x00000000e0000000,0x00000000e3d1e258,0x00000000e5800000)
 Metaspace       used 98706K, capacity 106198K, committed 106280K, reserved 1140736K
  class space    used 12103K, capacity 14585K, committed 14640K, reserved 1048576K
}

