# JRE version: Java(TM) SE Runtime Environment (8.0_66-b18) (build 1.8.0_66-b18)
# Java VM: Java HotSpot(TM) 64-Bit Server VM (25.66-b18 mixed mode windows-amd64 compressed oops)
Heap:
 PSYoungGen      total 121856K, used 32980K [0x00000000f5580000, 0x00000000ff380000, 0x0000000100000000)
  eden space 101376K, 28% used [0x00000000f5580000,0x00000000f715b838,0x00000000fb880000)
  from space 20480K, 21% used [0x00000000fdf80000,0x00000000fe3d9a10,0x00000000ff380000)
  to   space 30208K, 0% used [0x00000000fb880000,0x00000000fb880000,0x00000000fd600000)
 ParOldGen       total 106496K, used 60712K [0x00000000e0000000, 0x00000000e6800000, 0x00000000f5580000)
  object space 106496K, 57% used [0x00000000e0000000,0x00000000e3b4a2b8,0x00000000e6800000)
 Metaspace       used 92499K, capacity 99898K, committed 100008K, reserved 1136640K
  class space    used 11243K, capacity 13699K, committed 13744K, reserved 1048576K
GC Heap History (10 events):
Event: 220.465 GC heap before
{Heap before GC invocations=21 (full 4):
 PSYoungGen      total 126976K, used 98852K [0x00000000f5580000, 0x00000000ffd80000, 0x0000000100000000)
  eden space 95232K, 100% used [0x00000000f5580000,0x00000000fb280000,0x00000000fb280000)
  from space 31744K, 11% used [0x00000000fd200000,0x00000000fd589310,0x00000000ff100000)
  to   space 32256K, 0% used [0x00000000fb280000,0x00000000fb280000,0x00000000fd200000)
 ParOldGen       total 106496K, used 65433K [0x00000000e0000000, 0x00000000e6800000, 0x00000000f5580000)
  object space 106496K, 61% used [0x00000000e0000000,0x00000000e3fe6558,0x00000000e6800000)
 Metaspace       used 89873K, capacity 97248K, committed 97448K, reserved 1132544K
  class space    used 11052K, capacity 13466K, committed 13488K, reserved 1048576K
Event: 220.470 GC heap after
Heap after GC invocations=21 (full 4):
 PSYoungGen      total 127488K, used 3896K [0x00000000f5580000, 0x00000000ffa80000, 0x0000000100000000)
  eden space 95232K, 0% used [0x00000000f5580000,0x00000000f5580000,0x00000000fb280000)
  from space 32256K, 12% used [0x00000000fb280000,0x00000000fb64e210,0x00000000fd200000)
  to   space 32256K, 0% used [0x00000000fdb00000,0x00000000fdb00000,0x00000000ffa80000)
 ParOldGen       total 106496K, used 65441K [0x00000000e0000000, 0x00000000e6800000, 0x00000000f5580000)
  object space 106496K, 61% used [0x00000000e0000000,0x00000000e3fe8558,0x00000000e6800000)
 Metaspace       used 89873K, capacity 97248K, committed 97448K, reserved 1132544K
  class space    used 11052K, capacity 13466K, committed 13488K, reserved 1048576K
}
Event: 282.230 GC heap before
{Heap before GC invocations=22 (full 4):
 PSYoungGen      total 127488K, used 66451K [0x00000000f5580000, 0x00000000ffa80000, 0x0000000100000000)
  eden space 95232K, 65% used [0x00000000f5580000,0x00000000f9296b80,0x00000000fb280000)
  from space 32256K, 12% used [0x00000000fb280000,0x00000000fb64e210,0x00000000fd200000)
  to   space 32256K, 0% used [0x00000000fdb00000,0x00000000fdb00000,0x00000000ffa80000)
 ParOldGen       total 106496K, used 65441K [0x00000000e0000000, 0x00000000e6800000, 0x00000000f5580000)
  object space 106496K, 61% used [0x00000000e0000000,0x00000000e3fe8558,0x00000000e6800000)
 Metaspace       used 90106K, capacity 97388K, committed 97448K, reserved 1132544K
  class space    used 11057K, capacity 13468K, committed 13488K, reserved 1048576K
Event: 282.234 GC heap after
Heap after GC invocations=22 (full 4):
 PSYoungGen      total 135680K, used 3952K [0x00000000f5580000, 0x00000000ff980000, 0x0000000100000000)
  eden space 104448K, 0% used [0x00000000f5580000,0x00000000f5580000,0x00000000fbb80000)
  from space 31232K, 12% used [0x00000000fdb00000,0x00000000fdedc220,0x00000000ff980000)
  to   space 31744K, 0% used [0x00000000fbb80000,0x00000000fbb80000,0x00000000fda80000)
 ParOldGen       total 106496K, used 65449K [0x00000000e0000000, 0x00000000e6800000, 0x00000000f5580000)
  object space 106496K, 61% used [0x00000000e0000000,0x00000000e3fea558,0x00000000e6800000)
 Metaspace       used 90106K, capacity 97388K, committed 97448K, reserved 1132544K
  class space    used 11057K, capacity 13468K, committed 13488K, reserved 1048576K
}
Event: 282.234 GC heap before
{Heap before GC invocations=23 (full 5):
 PSYoungGen      total 135680K, used 3952K [0x00000000f5580000, 0x00000000ff980000, 0x0000000100000000)
  eden space 104448K, 0% used [0x00000000f5580000,0x00000000f5580000,0x00000000fbb80000)
  from space 31232K, 12% used [0x00000000fdb00000,0x00000000fdedc220,0x00000000ff980000)
  to   space 31744K, 0% used [0x00000000fbb80000,0x00000000fbb80000,0x00000000fda80000)
 ParOldGen       total 106496K, used 65449K [0x00000000e0000000, 0x00000000e6800000, 0x00000000f5580000)
  object space 106496K, 61% used [0x00000000e0000000,0x00000000e3fea558,0x00000000e6800000)
 Metaspace       used 90106K, capacity 97388K, committed 97448K, reserved 1132544K
  class space    used 11057K, capacity 13468K, committed 13488K, reserved 1048576K
Event: 282.581 GC heap after
Heap after GC invocations=23 (full 5):
 PSYoungGen      total 135680K, used 0K [0x00000000f5580000, 0x00000000ff980000, 0x0000000100000000)
  eden space 104448K, 0% used [0x00000000f5580000,0x00000000f5580000,0x00000000fbb80000)
  from space 31232K, 0% used [0x00000000fdb00000,0x00000000fdb00000,0x00000000ff980000)
  to   space 31744K, 0% used [0x00000000fbb80000,0x00000000fbb80000,0x00000000fda80000)
 ParOldGen       total 106496K, used 60640K [0x00000000e0000000, 0x00000000e6800000, 0x00000000f5580000)
  object space 106496K, 56% used [0x00000000e0000000,0x00000000e3b382a8,0x00000000e6800000)
 Metaspace       used 90106K, capacity 97388K, committed 97448K, reserved 1132544K
  class space    used 11057K, capacity 13468K, committed 13488K, reserved 1048576K
}
Event: 343.261 GC heap before
{Heap before GC invocations=24 (full 5):
 PSYoungGen      total 135680K, used 104448K [0x00000000f5580000, 0x00000000ff980000, 0x0000000100000000)
  eden space 104448K, 100% used [0x00000000f5580000,0x00000000fbb80000,0x00000000fbb80000)
  from space 31232K, 0% used [0x00000000fdb00000,0x00000000fdb00000,0x00000000ff980000)
  to   space 31744K, 0% used [0x00000000fbb80000,0x00000000fbb80000,0x00000000fda80000)
 ParOldGen       total 106496K, used 60640K [0x00000000e0000000, 0x00000000e6800000, 0x00000000f5580000)
  object space 106496K, 56% used [0x00000000e0000000,0x00000000e3b382a8,0x00000000e6800000)
 Metaspace       used 91119K, capacity 98476K, committed 98600K, reserved 1134592K
  class space    used 11119K, capacity 13596K, committed 13616K, reserved 1048576K
Event: 343.286 GC heap after
Heap after GC invocations=24 (full 5):
 PSYoungGen      total 136192K, used 3692K [0x00000000f5580000, 0x00000000ffe00000, 0x0000000100000000)
  eden space 104448K, 0% used [0x00000000f5580000,0x00000000f5580000,0x00000000fbb80000)
  from space 31744K, 11% used [0x00000000fbb80000,0x00000000fbf1b008,0x00000000fda80000)
  to   space 31232K, 0% used [0x00000000fdf80000,0x00000000fdf80000,0x00000000ffe00000)
 ParOldGen       total 106496K, used 60640K [0x00000000e0000000, 0x00000000e6800000, 0x00000000f5580000)
  object space 106496K, 56% used [0x00000000e0000000,0x00000000e3b382a8,0x00000000e6800000)
 Metaspace       used 91119K, capacity 98476K, committed 98600K, reserved 1134592K
  class space    used 11119K, capacity 13596K, committed 13616K, reserved 1048576K
}
Event: 551.051 GC heap before
{Heap before GC invocations=25 (full 5):
 PSYoungGen      total 136192K, used 108140K [0x00000000f5580000, 0x00000000ffe00000, 0x0000000100000000)
  eden space 104448K, 100% used [0x00000000f5580000,0x00000000fbb80000,0x00000000fbb80000)
  from space 31744K, 11% used [0x00000000fbb80000,0x00000000fbf1b008,0x00000000fda80000)
  to   space 31232K, 0% used [0x00000000fdf80000,0x00000000fdf80000,0x00000000ffe00000)
 ParOldGen       total 106496K, used 60640K [0x00000000e0000000, 0x00000000e6800000, 0x00000000f5580000)
  object space 106496K, 56% used [0x00000000e0000000,0x00000000e3b382a8,0x00000000e6800000)
 Metaspace       used 91757K, capacity 99044K, committed 99240K, reserved 1134592K
  class space    used 11159K, capacity 13632K, committed 13744K, reserved 1048576K
Event: 551.073 GC heap after
Heap after GC invocations=25 (full 5):
 PSYoungGen      total 121856K, used 4454K [0x00000000f5580000, 0x00000000ff380000, 0x0000000100000000)
  eden space 101376K, 0% used [0x00000000f5580000,0x00000000f5580000,0x00000000fb880000)
  from space 20480K, 21% used [0x00000000fdf80000,0x00000000fe3d9a10,0x00000000ff380000)
  to   space 30208K, 0% used [0x00000000fb880000,0x00000000fb880000,0x00000000fd600000)
 ParOldGen       total 106496K, used 60712K [0x00000000e0000000, 0x00000000e6800000, 0x00000000f5580000)
  object space 106496K, 57% used [0x00000000e0000000,0x00000000e3b4a2b8,0x00000000e6800000)
 Metaspace       used 91757K, capacity 99044K, committed 99240K, reserved 1134592K
  class space    used 11159K, capacity 13632K, committed 13744K, reserved 1048576K
}

