# JRE version: Java(TM) SE Runtime Environment (8.0_66-b18) (build 1.8.0_66-b18)
# Java VM: Java HotSpot(TM) 64-Bit Server VM (25.66-b18 mixed mode windows-amd64 compressed oops)
Heap:
 PSYoungGen      total 148480K, used 34709K [0x00000000f5580000, 0x0000000100000000, 0x0000000100000000)
  eden space 121856K, 28% used [0x00000000f5580000,0x00000000f7765450,0x00000000fcc80000)
  from space 26624K, 0% used [0x00000000fe600000,0x00000000fe600000,0x0000000100000000)
  to   space 26112K, 0% used [0x00000000fcc80000,0x00000000fcc80000,0x00000000fe600000)
 ParOldGen       total 112640K, used 64258K [0x00000000e0000000, 0x00000000e6e00000, 0x00000000f5580000)
  object space 112640K, 57% used [0x00000000e0000000,0x00000000e3ec0ac0,0x00000000e6e00000)
 Metaspace       used 87082K, capacity 93680K, committed 94080K, reserved 1130496K
  class space    used 10597K, capacity 12816K, committed 12928K, reserved 1048576K
GC Heap History (10 events):
Event: 11.102 GC heap before
{Heap before GC invocations=14 (full 3):
 PSYoungGen      total 159232K, used 15345K [0x00000000f5580000, 0x0000000100000000, 0x0000000100000000)
  eden space 143872K, 0% used [0x00000000f5580000,0x00000000f5580000,0x00000000fe200000)
  from space 15360K, 99% used [0x00000000fe200000,0x00000000ff0fc790,0x00000000ff100000)
  to   space 15360K, 0% used [0x00000000ff100000,0x00000000ff100000,0x0000000100000000)
 ParOldGen       total 82944K, used 49453K [0x00000000e0000000, 0x00000000e5100000, 0x00000000f5580000)
  object space 82944K, 59% used [0x00000000e0000000,0x00000000e304b758,0x00000000e5100000)
 Metaspace       used 54285K, capacity 59044K, committed 59096K, reserved 1101824K
  class space    used 6345K, capacity 7798K, committed 7808K, reserved 1048576K
Event: 11.265 GC heap after
Heap after GC invocations=14 (full 3):
 PSYoungGen      total 159232K, used 0K [0x00000000f5580000, 0x0000000100000000, 0x0000000100000000)
  eden space 143872K, 0% used [0x00000000f5580000,0x00000000f5580000,0x00000000fe200000)
  from space 15360K, 0% used [0x00000000fe200000,0x00000000fe200000,0x00000000ff100000)
  to   space 15360K, 0% used [0x00000000ff100000,0x00000000ff100000,0x0000000100000000)
 ParOldGen       total 112640K, used 54451K [0x00000000e0000000, 0x00000000e6e00000, 0x00000000f5580000)
  object space 112640K, 48% used [0x00000000e0000000,0x00000000e352ce58,0x00000000e6e00000)
 Metaspace       used 54285K, capacity 59044K, committed 59096K, reserved 1101824K
  class space    used 6345K, capacity 7798K, committed 7808K, reserved 1048576K
}
Event: 16.567 GC heap before
{Heap before GC invocations=15 (full 3):
 PSYoungGen      total 159232K, used 143872K [0x00000000f5580000, 0x0000000100000000, 0x0000000100000000)
  eden space 143872K, 100% used [0x00000000f5580000,0x00000000fe200000,0x00000000fe200000)
  from space 15360K, 0% used [0x00000000fe200000,0x00000000fe200000,0x00000000ff100000)
  to   space 15360K, 0% used [0x00000000ff100000,0x00000000ff100000,0x0000000100000000)
 ParOldGen       total 112640K, used 54451K [0x00000000e0000000, 0x00000000e6e00000, 0x00000000f5580000)
  object space 112640K, 48% used [0x00000000e0000000,0x00000000e352ce58,0x00000000e6e00000)
 Metaspace       used 78942K, capacity 85602K, committed 85760K, reserved 1122304K
  class space    used 9719K, capacity 11908K, committed 12032K, reserved 1048576K
Event: 16.585 GC heap after
Heap after GC invocations=15 (full 3):
 PSYoungGen      total 134656K, used 15345K [0x00000000f5580000, 0x0000000100000000, 0x0000000100000000)
  eden space 119296K, 0% used [0x00000000f5580000,0x00000000f5580000,0x00000000fca00000)
  from space 15360K, 99% used [0x00000000ff100000,0x00000000ffffc5d0,0x0000000100000000)
  to   space 27648K, 0% used [0x00000000fca00000,0x00000000fca00000,0x00000000fe500000)
 ParOldGen       total 112640K, used 72446K [0x00000000e0000000, 0x00000000e6e00000, 0x00000000f5580000)
  object space 112640K, 64% used [0x00000000e0000000,0x00000000e46bf8a8,0x00000000e6e00000)
 Metaspace       used 78942K, capacity 85602K, committed 85760K, reserved 1122304K
  class space    used 9719K, capacity 11908K, committed 12032K, reserved 1048576K
}
Event: 82.389 GC heap before
{Heap before GC invocations=16 (full 3):
 PSYoungGen      total 134656K, used 134641K [0x00000000f5580000, 0x0000000100000000, 0x0000000100000000)
  eden space 119296K, 100% used [0x00000000f5580000,0x00000000fca00000,0x00000000fca00000)
  from space 15360K, 99% used [0x00000000ff100000,0x00000000ffffc5d0,0x0000000100000000)
  to   space 27648K, 0% used [0x00000000fca00000,0x00000000fca00000,0x00000000fe500000)
 ParOldGen       total 112640K, used 72446K [0x00000000e0000000, 0x00000000e6e00000, 0x00000000f5580000)
  object space 112640K, 64% used [0x00000000e0000000,0x00000000e46bf8a8,0x00000000e6e00000)
 Metaspace       used 82133K, capacity 88660K, committed 88960K, reserved 1126400K
  class space    used 10036K, capacity 12152K, committed 12160K, reserved 1048576K
Event: 82.405 GC heap after
Heap after GC invocations=16 (full 3):
 PSYoungGen      total 146944K, used 11633K [0x00000000f5580000, 0x0000000100000000, 0x0000000100000000)
  eden space 119296K, 0% used [0x00000000f5580000,0x00000000f5580000,0x00000000fca00000)
  from space 27648K, 42% used [0x00000000fca00000,0x00000000fd55c500,0x00000000fe500000)
  to   space 26624K, 0% used [0x00000000fe600000,0x00000000fe600000,0x0000000100000000)
 ParOldGen       total 112640K, used 84511K [0x00000000e0000000, 0x00000000e6e00000, 0x00000000f5580000)
  object space 112640K, 75% used [0x00000000e0000000,0x00000000e5287f58,0x00000000e6e00000)
 Metaspace       used 82133K, capacity 88660K, committed 88960K, reserved 1126400K
  class space    used 10036K, capacity 12152K, committed 12160K, reserved 1048576K
}
Event: 101.685 GC heap before
{Heap before GC invocations=17 (full 3):
 PSYoungGen      total 146944K, used 88904K [0x00000000f5580000, 0x0000000100000000, 0x0000000100000000)
  eden space 119296K, 64% used [0x00000000f5580000,0x00000000fa0f5e80,0x00000000fca00000)
  from space 27648K, 42% used [0x00000000fca00000,0x00000000fd55c500,0x00000000fe500000)
  to   space 26624K, 0% used [0x00000000fe600000,0x00000000fe600000,0x0000000100000000)
 ParOldGen       total 112640K, used 84511K [0x00000000e0000000, 0x00000000e6e00000, 0x00000000f5580000)
  object space 112640K, 75% used [0x00000000e0000000,0x00000000e5287f58,0x00000000e6e00000)
 Metaspace       used 86025K, capacity 92672K, committed 92928K, reserved 1130496K
  class space    used 10496K, capacity 12781K, committed 12800K, reserved 1048576K
Event: 101.695 GC heap after
Heap after GC invocations=17 (full 3):
 PSYoungGen      total 148480K, used 15217K [0x00000000f5580000, 0x0000000100000000, 0x0000000100000000)
  eden space 121856K, 0% used [0x00000000f5580000,0x00000000f5580000,0x00000000fcc80000)
  from space 26624K, 57% used [0x00000000fe600000,0x00000000ff4dc458,0x0000000100000000)
  to   space 26112K, 0% used [0x00000000fcc80000,0x00000000fcc80000,0x00000000fe600000)
 ParOldGen       total 112640K, used 84519K [0x00000000e0000000, 0x00000000e6e00000, 0x00000000f5580000)
  object space 112640K, 75% used [0x00000000e0000000,0x00000000e5289f58,0x00000000e6e00000)
 Metaspace       used 86025K, capacity 92672K, committed 92928K, reserved 1130496K
  class space    used 10496K, capacity 12781K, committed 12800K, reserved 1048576K
}
Event: 101.695 GC heap before
{Heap before GC invocations=18 (full 4):
 PSYoungGen      total 148480K, used 15217K [0x00000000f5580000, 0x0000000100000000, 0x0000000100000000)
  eden space 121856K, 0% used [0x00000000f5580000,0x00000000f5580000,0x00000000fcc80000)
  from space 26624K, 57% used [0x00000000fe600000,0x00000000ff4dc458,0x0000000100000000)
  to   space 26112K, 0% used [0x00000000fcc80000,0x00000000fcc80000,0x00000000fe600000)
 ParOldGen       total 112640K, used 84519K [0x00000000e0000000, 0x00000000e6e00000, 0x00000000f5580000)
  object space 112640K, 75% used [0x00000000e0000000,0x00000000e5289f58,0x00000000e6e00000)
 Metaspace       used 86025K, capacity 92672K, committed 92928K, reserved 1130496K
  class space    used 10496K, capacity 12781K, committed 12800K, reserved 1048576K
Event: 101.986 GC heap after
Heap after GC invocations=18 (full 4):
 PSYoungGen      total 148480K, used 0K [0x00000000f5580000, 0x0000000100000000, 0x0000000100000000)
  eden space 121856K, 0% used [0x00000000f5580000,0x00000000f5580000,0x00000000fcc80000)
  from space 26624K, 0% used [0x00000000fe600000,0x00000000fe600000,0x0000000100000000)
  to   space 26112K, 0% used [0x00000000fcc80000,0x00000000fcc80000,0x00000000fe600000)
 ParOldGen       total 112640K, used 64258K [0x00000000e0000000, 0x00000000e6e00000, 0x00000000f5580000)
  object space 112640K, 57% used [0x00000000e0000000,0x00000000e3ec0ac0,0x00000000e6e00000)
 Metaspace       used 86025K, capacity 92672K, committed 92928K, reserved 1130496K
  class space    used 10496K, capacity 12781K, committed 12800K, reserved 1048576K
}

