# JRE version: Java(TM) SE Runtime Environment (8.0_66-b18) (build 1.8.0_66-b18)
# Java VM: Java HotSpot(TM) 64-Bit Server VM (25.66-b18 mixed mode windows-amd64 compressed oops)
Heap:
 PSYoungGen      total 146944K, used 94206K [0x00000000f5580000, 0x00000000ffd00000, 0x0000000100000000)
  eden space 124416K, 75% used [0x00000000f5580000,0x00000000fb17fbf0,0x00000000fcf00000)
  from space 22528K, 0% used [0x00000000fe700000,0x00000000fe700000,0x00000000ffd00000)
  to   space 23552K, 0% used [0x00000000fcf00000,0x00000000fcf00000,0x00000000fe600000)
 ParOldGen       total 98304K, used 61334K [0x00000000e0000000, 0x00000000e6000000, 0x00000000f5580000)
  object space 98304K, 62% used [0x00000000e0000000,0x00000000e3be59f8,0x00000000e6000000)
 Metaspace       used 90276K, capacity 97054K, committed 97192K, reserved 1132544K
  class space    used 11080K, capacity 13378K, committed 13488K, reserved 1048576K
GC Heap History (10 events):
Event: 170.174 GC heap before
{Heap before GC invocations=15 (full 4):
 PSYoungGen      total 130048K, used 18841K [0x00000000f5580000, 0x00000000ff780000, 0x0000000100000000)
  eden space 105984K, 0% used [0x00000000f5580000,0x00000000f5580000,0x00000000fbd00000)
  from space 24064K, 78% used [0x00000000fbd00000,0x00000000fcf66568,0x00000000fd480000)
  to   space 25600K, 0% used [0x00000000fde80000,0x00000000fde80000,0x00000000ff780000)
 ParOldGen       total 98304K, used 47096K [0x00000000e0000000, 0x00000000e6000000, 0x00000000f5580000)
  object space 98304K, 47% used [0x00000000e0000000,0x00000000e2dfe3f0,0x00000000e6000000)
 Metaspace       used 70581K, capacity 76116K, committed 76328K, reserved 1114112K
  class space    used 8868K, capacity 10700K, committed 10800K, reserved 1048576K
Event: 170.516 GC heap after
Heap after GC invocations=15 (full 4):
 PSYoungGen      total 130048K, used 0K [0x00000000f5580000, 0x00000000ff780000, 0x0000000100000000)
  eden space 105984K, 0% used [0x00000000f5580000,0x00000000f5580000,0x00000000fbd00000)
  from space 24064K, 0% used [0x00000000fbd00000,0x00000000fbd00000,0x00000000fd480000)
  to   space 25600K, 0% used [0x00000000fde80000,0x00000000fde80000,0x00000000ff780000)
 ParOldGen       total 98304K, used 56336K [0x00000000e0000000, 0x00000000e6000000, 0x00000000f5580000)
  object space 98304K, 57% used [0x00000000e0000000,0x00000000e37043e8,0x00000000e6000000)
 Metaspace       used 70581K, capacity 76116K, committed 76328K, reserved 1114112K
  class space    used 8868K, capacity 10700K, committed 10800K, reserved 1048576K
}
Event: 213.751 GC heap before
{Heap before GC invocations=16 (full 4):
 PSYoungGen      total 130048K, used 105984K [0x00000000f5580000, 0x00000000ff780000, 0x0000000100000000)
  eden space 105984K, 100% used [0x00000000f5580000,0x00000000fbd00000,0x00000000fbd00000)
  from space 24064K, 0% used [0x00000000fbd00000,0x00000000fbd00000,0x00000000fd480000)
  to   space 25600K, 0% used [0x00000000fde80000,0x00000000fde80000,0x00000000ff780000)
 ParOldGen       total 98304K, used 56336K [0x00000000e0000000, 0x00000000e6000000, 0x00000000f5580000)
  object space 98304K, 57% used [0x00000000e0000000,0x00000000e37043e8,0x00000000e6000000)
 Metaspace       used 80709K, capacity 87172K, committed 87336K, reserved 1124352K
  class space    used 9913K, capacity 12040K, committed 12080K, reserved 1048576K
Event: 213.763 GC heap after
Heap after GC invocations=16 (full 4):
 PSYoungGen      total 141312K, used 13405K [0x00000000f5580000, 0x00000000ffd80000, 0x0000000100000000)
  eden space 115712K, 0% used [0x00000000f5580000,0x00000000f5580000,0x00000000fc680000)
  from space 25600K, 52% used [0x00000000fde80000,0x00000000feb976c0,0x00000000ff780000)
  to   space 24576K, 0% used [0x00000000fc680000,0x00000000fc680000,0x00000000fde80000)
 ParOldGen       total 98304K, used 56344K [0x00000000e0000000, 0x00000000e6000000, 0x00000000f5580000)
  object space 98304K, 57% used [0x00000000e0000000,0x00000000e37063e8,0x00000000e6000000)
 Metaspace       used 80709K, capacity 87172K, committed 87336K, reserved 1124352K
  class space    used 9913K, capacity 12040K, committed 12080K, reserved 1048576K
}
Event: 235.798 GC heap before
{Heap before GC invocations=17 (full 4):
 PSYoungGen      total 141312K, used 129117K [0x00000000f5580000, 0x00000000ffd80000, 0x0000000100000000)
  eden space 115712K, 100% used [0x00000000f5580000,0x00000000fc680000,0x00000000fc680000)
  from space 25600K, 52% used [0x00000000fde80000,0x00000000feb976c0,0x00000000ff780000)
  to   space 24576K, 0% used [0x00000000fc680000,0x00000000fc680000,0x00000000fde80000)
 ParOldGen       total 98304K, used 56344K [0x00000000e0000000, 0x00000000e6000000, 0x00000000f5580000)
  object space 98304K, 57% used [0x00000000e0000000,0x00000000e37063e8,0x00000000e6000000)
 Metaspace       used 86083K, capacity 93056K, committed 93224K, reserved 1130496K
  class space    used 10539K, capacity 12802K, committed 12848K, reserved 1048576K
Event: 235.826 GC heap after
Heap after GC invocations=17 (full 4):
 PSYoungGen      total 140288K, used 15351K [0x00000000f5580000, 0x00000000fff00000, 0x0000000100000000)
  eden space 115712K, 0% used [0x00000000f5580000,0x00000000f5580000,0x00000000fc680000)
  from space 24576K, 62% used [0x00000000fc680000,0x00000000fd57dde8,0x00000000fde80000)
  to   space 24576K, 0% used [0x00000000fe700000,0x00000000fe700000,0x00000000fff00000)
 ParOldGen       total 98304K, used 56352K [0x00000000e0000000, 0x00000000e6000000, 0x00000000f5580000)
  object space 98304K, 57% used [0x00000000e0000000,0x00000000e37083e8,0x00000000e6000000)
 Metaspace       used 86083K, capacity 93056K, committed 93224K, reserved 1130496K
  class space    used 10539K, capacity 12802K, committed 12848K, reserved 1048576K
}
Event: 239.327 GC heap before
{Heap before GC invocations=18 (full 4):
 PSYoungGen      total 140288K, used 24214K [0x00000000f5580000, 0x00000000fff00000, 0x0000000100000000)
  eden space 115712K, 7% used [0x00000000f5580000,0x00000000f5e27d90,0x00000000fc680000)
  from space 24576K, 62% used [0x00000000fc680000,0x00000000fd57dde8,0x00000000fde80000)
  to   space 24576K, 0% used [0x00000000fe700000,0x00000000fe700000,0x00000000fff00000)
 ParOldGen       total 98304K, used 56352K [0x00000000e0000000, 0x00000000e6000000, 0x00000000f5580000)
  object space 98304K, 57% used [0x00000000e0000000,0x00000000e37083e8,0x00000000e6000000)
 Metaspace       used 86115K, capacity 93056K, committed 93224K, reserved 1130496K
  class space    used 10541K, capacity 12802K, committed 12848K, reserved 1048576K
Event: 239.340 GC heap after
Heap after GC invocations=18 (full 4):
 PSYoungGen      total 146944K, used 10583K [0x00000000f5580000, 0x00000000ffd00000, 0x0000000100000000)
  eden space 124416K, 0% used [0x00000000f5580000,0x00000000f5580000,0x00000000fcf00000)
  from space 22528K, 46% used [0x00000000fe700000,0x00000000ff155ca0,0x00000000ffd00000)
  to   space 23552K, 0% used [0x00000000fcf00000,0x00000000fcf00000,0x00000000fe600000)
 ParOldGen       total 98304K, used 56360K [0x00000000e0000000, 0x00000000e6000000, 0x00000000f5580000)
  object space 98304K, 57% used [0x00000000e0000000,0x00000000e370a3e8,0x00000000e6000000)
 Metaspace       used 86115K, capacity 93056K, committed 93224K, reserved 1130496K
  class space    used 10541K, capacity 12802K, committed 12848K, reserved 1048576K
}
Event: 239.340 GC heap before
{Heap before GC invocations=19 (full 5):
 PSYoungGen      total 146944K, used 10583K [0x00000000f5580000, 0x00000000ffd00000, 0x0000000100000000)
  eden space 124416K, 0% used [0x00000000f5580000,0x00000000f5580000,0x00000000fcf00000)
  from space 22528K, 46% used [0x00000000fe700000,0x00000000ff155ca0,0x00000000ffd00000)
  to   space 23552K, 0% used [0x00000000fcf00000,0x00000000fcf00000,0x00000000fe600000)
 ParOldGen       total 98304K, used 56360K [0x00000000e0000000, 0x00000000e6000000, 0x00000000f5580000)
  object space 98304K, 57% used [0x00000000e0000000,0x00000000e370a3e8,0x00000000e6000000)
 Metaspace       used 86115K, capacity 93056K, committed 93224K, reserved 1130496K
  class space    used 10541K, capacity 12802K, committed 12848K, reserved 1048576K
Event: 239.880 GC heap after
Heap after GC invocations=19 (full 5):
 PSYoungGen      total 146944K, used 0K [0x00000000f5580000, 0x00000000ffd00000, 0x0000000100000000)
  eden space 124416K, 0% used [0x00000000f5580000,0x00000000f5580000,0x00000000fcf00000)
  from space 22528K, 0% used [0x00000000fe700000,0x00000000fe700000,0x00000000ffd00000)
  to   space 23552K, 0% used [0x00000000fcf00000,0x00000000fcf00000,0x00000000fe600000)
 ParOldGen       total 98304K, used 61334K [0x00000000e0000000, 0x00000000e6000000, 0x00000000f5580000)
  object space 98304K, 62% used [0x00000000e0000000,0x00000000e3be59f8,0x00000000e6000000)
 Metaspace       used 86115K, capacity 93056K, committed 93224K, reserved 1130496K
  class space    used 10541K, capacity 12802K, committed 12848K, reserved 1048576K
}

