# JRE version: Java(TM) SE Runtime Environment (8.0_66-b18) (build 1.8.0_66-b18)
# Java VM: Java HotSpot(TM) 64-Bit Server VM (25.66-b18 mixed mode windows-amd64 compressed oops)
Heap:
 PSYoungGen      total 82432K, used 53317K [0x00000000f5580000, 0x00000000fa700000, 0x0000000100000000)
  eden space 81408K, 65% used [0x00000000f5580000,0x00000000f89915b8,0x00000000fa500000)
  from space 1024K, 0% used [0x00000000fa600000,0x00000000fa600000,0x00000000fa700000)
  to   space 1024K, 0% used [0x00000000fa500000,0x00000000fa500000,0x00000000fa600000)
 ParOldGen       total 113664K, used 57886K [0x00000000e0000000, 0x00000000e6f00000, 0x00000000f5580000)
  object space 113664K, 50% used [0x00000000e0000000,0x00000000e3887a78,0x00000000e6f00000)
 Metaspace       used 104183K, capacity 112050K, committed 112280K, reserved 1146880K
  class space    used 12352K, capacity 14911K, committed 15024K, reserved 1048576K
GC Heap History (10 events):
Event: 7747.329 GC heap before
{Heap before GC invocations=196 (full 84):
 PSYoungGen      total 82432K, used 192K [0x00000000f5580000, 0x00000000fa700000, 0x0000000100000000)
  eden space 81408K, 0% used [0x00000000f5580000,0x00000000f5580000,0x00000000fa500000)
  from space 1024K, 18% used [0x00000000fa600000,0x00000000fa630000,0x00000000fa700000)
  to   space 1024K, 0% used [0x00000000fa500000,0x00000000fa500000,0x00000000fa600000)
 ParOldGen       total 113664K, used 57877K [0x00000000e0000000, 0x00000000e6f00000, 0x00000000f5580000)
  object space 113664K, 50% used [0x00000000e0000000,0x00000000e3885470,0x00000000e6f00000)
 Metaspace       used 103457K, capacity 111306K, committed 111640K, reserved 1146880K
  class space    used 12264K, capacity 14815K, committed 14896K, reserved 1048576K
Event: 7747.484 GC heap after
Heap after GC invocations=196 (full 84):
 PSYoungGen      total 82432K, used 0K [0x00000000f5580000, 0x00000000fa700000, 0x0000000100000000)
  eden space 81408K, 0% used [0x00000000f5580000,0x00000000f5580000,0x00000000fa500000)
  from space 1024K, 0% used [0x00000000fa600000,0x00000000fa600000,0x00000000fa700000)
  to   space 1024K, 0% used [0x00000000fa500000,0x00000000fa500000,0x00000000fa600000)
 ParOldGen       total 113664K, used 57877K [0x00000000e0000000, 0x00000000e6f00000, 0x00000000f5580000)
  object space 113664K, 50% used [0x00000000e0000000,0x00000000e3885470,0x00000000e6f00000)
 Metaspace       used 103457K, capacity 111306K, committed 111640K, reserved 1146880K
  class space    used 12264K, capacity 14815K, committed 14896K, reserved 1048576K
}
Event: 7807.337 GC heap before
{Heap before GC invocations=197 (full 84):
 PSYoungGen      total 82432K, used 8357K [0x00000000f5580000, 0x00000000fa700000, 0x0000000100000000)
  eden space 81408K, 10% used [0x00000000f5580000,0x00000000f5da9700,0x00000000fa500000)
  from space 1024K, 0% used [0x00000000fa600000,0x00000000fa600000,0x00000000fa700000)
  to   space 1024K, 0% used [0x00000000fa500000,0x00000000fa500000,0x00000000fa600000)
 ParOldGen       total 113664K, used 57877K [0x00000000e0000000, 0x00000000e6f00000, 0x00000000f5580000)
  object space 113664K, 50% used [0x00000000e0000000,0x00000000e3885470,0x00000000e6f00000)
 Metaspace       used 103458K, capacity 111306K, committed 111640K, reserved 1146880K
  class space    used 12264K, capacity 14815K, committed 14896K, reserved 1048576K
Event: 7807.344 GC heap after
Heap after GC invocations=197 (full 84):
 PSYoungGen      total 82432K, used 480K [0x00000000f5580000, 0x00000000fa700000, 0x0000000100000000)
  eden space 81408K, 0% used [0x00000000f5580000,0x00000000f5580000,0x00000000fa500000)
  from space 1024K, 46% used [0x00000000fa500000,0x00000000fa578000,0x00000000fa600000)
  to   space 1024K, 0% used [0x00000000fa600000,0x00000000fa600000,0x00000000fa700000)
 ParOldGen       total 113664K, used 57877K [0x00000000e0000000, 0x00000000e6f00000, 0x00000000f5580000)
  object space 113664K, 50% used [0x00000000e0000000,0x00000000e3885470,0x00000000e6f00000)
 Metaspace       used 103458K, capacity 111306K, committed 111640K, reserved 1146880K
  class space    used 12264K, capacity 14815K, committed 14896K, reserved 1048576K
}
Event: 7807.344 GC heap before
{Heap before GC invocations=198 (full 85):
 PSYoungGen      total 82432K, used 480K [0x00000000f5580000, 0x00000000fa700000, 0x0000000100000000)
  eden space 81408K, 0% used [0x00000000f5580000,0x00000000f5580000,0x00000000fa500000)
  from space 1024K, 46% used [0x00000000fa500000,0x00000000fa578000,0x00000000fa600000)
  to   space 1024K, 0% used [0x00000000fa600000,0x00000000fa600000,0x00000000fa700000)
 ParOldGen       total 113664K, used 57877K [0x00000000e0000000, 0x00000000e6f00000, 0x00000000f5580000)
  object space 113664K, 50% used [0x00000000e0000000,0x00000000e3885470,0x00000000e6f00000)
 Metaspace       used 103458K, capacity 111306K, committed 111640K, reserved 1146880K
  class space    used 12264K, capacity 14815K, committed 14896K, reserved 1048576K
Event: 7807.522 GC heap after
Heap after GC invocations=198 (full 85):
 PSYoungGen      total 82432K, used 0K [0x00000000f5580000, 0x00000000fa700000, 0x0000000100000000)
  eden space 81408K, 0% used [0x00000000f5580000,0x00000000f5580000,0x00000000fa500000)
  from space 1024K, 0% used [0x00000000fa500000,0x00000000fa500000,0x00000000fa600000)
  to   space 1024K, 0% used [0x00000000fa600000,0x00000000fa600000,0x00000000fa700000)
 ParOldGen       total 113664K, used 58041K [0x00000000e0000000, 0x00000000e6f00000, 0x00000000f5580000)
  object space 113664K, 51% used [0x00000000e0000000,0x00000000e38ae6e8,0x00000000e6f00000)
 Metaspace       used 103458K, capacity 111306K, committed 111640K, reserved 1146880K
  class space    used 12264K, capacity 14815K, committed 14896K, reserved 1048576K
}
Event: 7867.350 GC heap before
{Heap before GC invocations=199 (full 85):
 PSYoungGen      total 82432K, used 2694K [0x00000000f5580000, 0x00000000fa700000, 0x0000000100000000)
  eden space 81408K, 3% used [0x00000000f5580000,0x00000000f5821a78,0x00000000fa500000)
  from space 1024K, 0% used [0x00000000fa500000,0x00000000fa500000,0x00000000fa600000)
  to   space 1024K, 0% used [0x00000000fa600000,0x00000000fa600000,0x00000000fa700000)
 ParOldGen       total 113664K, used 58041K [0x00000000e0000000, 0x00000000e6f00000, 0x00000000f5580000)
  object space 113664K, 51% used [0x00000000e0000000,0x00000000e38ae6e8,0x00000000e6f00000)
 Metaspace       used 103458K, capacity 111306K, committed 111640K, reserved 1146880K
  class space    used 12264K, capacity 14815K, committed 14896K, reserved 1048576K
Event: 7867.357 GC heap after
Heap after GC invocations=199 (full 85):
 PSYoungGen      total 82432K, used 128K [0x00000000f5580000, 0x00000000fa700000, 0x0000000100000000)
  eden space 81408K, 0% used [0x00000000f5580000,0x00000000f5580000,0x00000000fa500000)
  from space 1024K, 12% used [0x00000000fa600000,0x00000000fa620000,0x00000000fa700000)
  to   space 1024K, 0% used [0x00000000fa500000,0x00000000fa500000,0x00000000fa600000)
 ParOldGen       total 113664K, used 58041K [0x00000000e0000000, 0x00000000e6f00000, 0x00000000f5580000)
  object space 113664K, 51% used [0x00000000e0000000,0x00000000e38ae6e8,0x00000000e6f00000)
 Metaspace       used 103458K, capacity 111306K, committed 111640K, reserved 1146880K
  class space    used 12264K, capacity 14815K, committed 14896K, reserved 1048576K
}
Event: 7867.357 GC heap before
{Heap before GC invocations=200 (full 86):
 PSYoungGen      total 82432K, used 128K [0x00000000f5580000, 0x00000000fa700000, 0x0000000100000000)
  eden space 81408K, 0% used [0x00000000f5580000,0x00000000f5580000,0x00000000fa500000)
  from space 1024K, 12% used [0x00000000fa600000,0x00000000fa620000,0x00000000fa700000)
  to   space 1024K, 0% used [0x00000000fa500000,0x00000000fa500000,0x00000000fa600000)
 ParOldGen       total 113664K, used 58041K [0x00000000e0000000, 0x00000000e6f00000, 0x00000000f5580000)
  object space 113664K, 51% used [0x00000000e0000000,0x00000000e38ae6e8,0x00000000e6f00000)
 Metaspace       used 103458K, capacity 111306K, committed 111640K, reserved 1146880K
  class space    used 12264K, capacity 14815K, committed 14896K, reserved 1048576K
Event: 7867.528 GC heap after
Heap after GC invocations=200 (full 86):
 PSYoungGen      total 82432K, used 0K [0x00000000f5580000, 0x00000000fa700000, 0x0000000100000000)
  eden space 81408K, 0% used [0x00000000f5580000,0x00000000f5580000,0x00000000fa500000)
  from space 1024K, 0% used [0x00000000fa600000,0x00000000fa600000,0x00000000fa700000)
  to   space 1024K, 0% used [0x00000000fa500000,0x00000000fa500000,0x00000000fa600000)
 ParOldGen       total 113664K, used 57886K [0x00000000e0000000, 0x00000000e6f00000, 0x00000000f5580000)
  object space 113664K, 50% used [0x00000000e0000000,0x00000000e3887a78,0x00000000e6f00000)
 Metaspace       used 103458K, capacity 111306K, committed 111640K, reserved 1146880K
  class space    used 12264K, capacity 14815K, committed 14896K, reserved 1048576K
}

