# JRE version: Java(TM) SE Runtime Environment (8.0_66-b18) (build 1.8.0_66-b18)
# Java VM: Java HotSpot(TM) 64-Bit Server VM (25.66-b18 mixed mode windows-amd64 compressed oops)
Heap:
 PSYoungGen      total 141824K, used 108412K [0x00000000f5580000, 0x00000000ff700000, 0x0000000100000000)
  eden space 120320K, 90% used [0x00000000f5580000,0x00000000fbf5f080,0x00000000fcb00000)
  from space 21504K, 0% used [0x00000000fe200000,0x00000000fe200000,0x00000000ff700000)
  to   space 22528K, 0% used [0x00000000fcb00000,0x00000000fcb00000,0x00000000fe100000)
 ParOldGen       total 114176K, used 66792K [0x00000000e0000000, 0x00000000e6f80000, 0x00000000f5580000)
  object space 114176K, 58% used [0x00000000e0000000,0x00000000e413a378,0x00000000e6f80000)
 Metaspace       used 99408K, capacity 107152K, committed 107392K, reserved 1142784K
  class space    used 11876K, capacity 14461K, committed 14464K, reserved 1048576K
GC Heap History (10 events):
Event: 475.019 GC heap before
{Heap before GC invocations=34 (full 10):
 PSYoungGen      total 143872K, used 4361K [0x00000000f5580000, 0x00000000ffb00000, 0x0000000100000000)
  eden space 120320K, 0% used [0x00000000f5580000,0x00000000f5580000,0x00000000fcb00000)
  from space 23552K, 18% used [0x00000000fe400000,0x00000000fe842630,0x00000000ffb00000)
  to   space 24576K, 0% used [0x00000000fcb00000,0x00000000fcb00000,0x00000000fe300000)
 ParOldGen       total 114176K, used 69046K [0x00000000e0000000, 0x00000000e6f80000, 0x00000000f5580000)
  object space 114176K, 60% used [0x00000000e0000000,0x00000000e436d9a0,0x00000000e6f80000)
 Metaspace       used 93464K, capacity 100824K, committed 100992K, reserved 1136640K
  class space    used 11022K, capacity 13418K, committed 13440K, reserved 1048576K
Event: 475.244 GC heap after
Heap after GC invocations=34 (full 10):
 PSYoungGen      total 143872K, used 0K [0x00000000f5580000, 0x00000000ffb00000, 0x0000000100000000)
  eden space 120320K, 0% used [0x00000000f5580000,0x00000000f5580000,0x00000000fcb00000)
  from space 23552K, 0% used [0x00000000fe400000,0x00000000fe400000,0x00000000ffb00000)
  to   space 24576K, 0% used [0x00000000fcb00000,0x00000000fcb00000,0x00000000fe300000)
 ParOldGen       total 114176K, used 60531K [0x00000000e0000000, 0x00000000e6f80000, 0x00000000f5580000)
  object space 114176K, 53% used [0x00000000e0000000,0x00000000e3b1ce40,0x00000000e6f80000)
 Metaspace       used 93430K, capacity 100766K, committed 100992K, reserved 1136640K
  class space    used 11015K, capacity 13405K, committed 13440K, reserved 1048576K
}
Event: 535.024 GC heap before
{Heap before GC invocations=35 (full 10):
 PSYoungGen      total 143872K, used 24811K [0x00000000f5580000, 0x00000000ffb00000, 0x0000000100000000)
  eden space 120320K, 20% used [0x00000000f5580000,0x00000000f6dbae28,0x00000000fcb00000)
  from space 23552K, 0% used [0x00000000fe400000,0x00000000fe400000,0x00000000ffb00000)
  to   space 24576K, 0% used [0x00000000fcb00000,0x00000000fcb00000,0x00000000fe300000)
 ParOldGen       total 114176K, used 60531K [0x00000000e0000000, 0x00000000e6f80000, 0x00000000f5580000)
  object space 114176K, 53% used [0x00000000e0000000,0x00000000e3b1ce40,0x00000000e6f80000)
 Metaspace       used 93928K, capacity 101302K, committed 101376K, reserved 1136640K
  class space    used 11086K, capacity 13517K, committed 13568K, reserved 1048576K
Event: 535.028 GC heap after
Heap after GC invocations=35 (full 10):
 PSYoungGen      total 121856K, used 1425K [0x00000000f5580000, 0x00000000ff900000, 0x0000000100000000)
  eden space 120320K, 0% used [0x00000000f5580000,0x00000000f5580000,0x00000000fcb00000)
  from space 1536K, 92% used [0x00000000fcb00000,0x00000000fcc645b8,0x00000000fcc80000)
  to   space 23552K, 0% used [0x00000000fe200000,0x00000000fe200000,0x00000000ff900000)
 ParOldGen       total 114176K, used 60539K [0x00000000e0000000, 0x00000000e6f80000, 0x00000000f5580000)
  object space 114176K, 53% used [0x00000000e0000000,0x00000000e3b1ee40,0x00000000e6f80000)
 Metaspace       used 93928K, capacity 101302K, committed 101376K, reserved 1136640K
  class space    used 11086K, capacity 13517K, committed 13568K, reserved 1048576K
}
Event: 535.028 GC heap before
{Heap before GC invocations=36 (full 11):
 PSYoungGen      total 121856K, used 1425K [0x00000000f5580000, 0x00000000ff900000, 0x0000000100000000)
  eden space 120320K, 0% used [0x00000000f5580000,0x00000000f5580000,0x00000000fcb00000)
  from space 1536K, 92% used [0x00000000fcb00000,0x00000000fcc645b8,0x00000000fcc80000)
  to   space 23552K, 0% used [0x00000000fe200000,0x00000000fe200000,0x00000000ff900000)
 ParOldGen       total 114176K, used 60539K [0x00000000e0000000, 0x00000000e6f80000, 0x00000000f5580000)
  object space 114176K, 53% used [0x00000000e0000000,0x00000000e3b1ee40,0x00000000e6f80000)
 Metaspace       used 93928K, capacity 101302K, committed 101376K, reserved 1136640K
  class space    used 11086K, capacity 13517K, committed 13568K, reserved 1048576K
Event: 535.371 GC heap after
Heap after GC invocations=36 (full 11):
 PSYoungGen      total 121856K, used 0K [0x00000000f5580000, 0x00000000ff900000, 0x0000000100000000)
  eden space 120320K, 0% used [0x00000000f5580000,0x00000000f5580000,0x00000000fcb00000)
  from space 1536K, 0% used [0x00000000fcb00000,0x00000000fcb00000,0x00000000fcc80000)
  to   space 23552K, 0% used [0x00000000fe200000,0x00000000fe200000,0x00000000ff900000)
 ParOldGen       total 114176K, used 60778K [0x00000000e0000000, 0x00000000e6f80000, 0x00000000f5580000)
  object space 114176K, 53% used [0x00000000e0000000,0x00000000e3b5a9c8,0x00000000e6f80000)
 Metaspace       used 93917K, capacity 101284K, committed 101376K, reserved 1136640K
  class space    used 11084K, capacity 13514K, committed 13568K, reserved 1048576K
}
Event: 595.247 GC heap before
{Heap before GC invocations=37 (full 11):
 PSYoungGen      total 121856K, used 114201K [0x00000000f5580000, 0x00000000ff900000, 0x0000000100000000)
  eden space 120320K, 94% used [0x00000000f5580000,0x00000000fc506660,0x00000000fcb00000)
  from space 1536K, 0% used [0x00000000fcb00000,0x00000000fcb00000,0x00000000fcc80000)
  to   space 23552K, 0% used [0x00000000fe200000,0x00000000fe200000,0x00000000ff900000)
 ParOldGen       total 114176K, used 60778K [0x00000000e0000000, 0x00000000e6f80000, 0x00000000f5580000)
  object space 114176K, 53% used [0x00000000e0000000,0x00000000e3b5a9c8,0x00000000e6f80000)
 Metaspace       used 98241K, capacity 105988K, committed 106240K, reserved 1140736K
  class space    used 11768K, capacity 14319K, committed 14336K, reserved 1048576K
Event: 595.255 GC heap after
Heap after GC invocations=37 (full 11):
 PSYoungGen      total 141824K, used 8239K [0x00000000f5580000, 0x00000000ff700000, 0x0000000100000000)
  eden space 120320K, 0% used [0x00000000f5580000,0x00000000f5580000,0x00000000fcb00000)
  from space 21504K, 38% used [0x00000000fe200000,0x00000000fea0bec0,0x00000000ff700000)
  to   space 22528K, 0% used [0x00000000fcb00000,0x00000000fcb00000,0x00000000fe100000)
 ParOldGen       total 114176K, used 60786K [0x00000000e0000000, 0x00000000e6f80000, 0x00000000f5580000)
  object space 114176K, 53% used [0x00000000e0000000,0x00000000e3b5c9c8,0x00000000e6f80000)
 Metaspace       used 98241K, capacity 105988K, committed 106240K, reserved 1140736K
  class space    used 11768K, capacity 14319K, committed 14336K, reserved 1048576K
}
Event: 595.255 GC heap before
{Heap before GC invocations=38 (full 12):
 PSYoungGen      total 141824K, used 8239K [0x00000000f5580000, 0x00000000ff700000, 0x0000000100000000)
  eden space 120320K, 0% used [0x00000000f5580000,0x00000000f5580000,0x00000000fcb00000)
  from space 21504K, 38% used [0x00000000fe200000,0x00000000fea0bec0,0x00000000ff700000)
  to   space 22528K, 0% used [0x00000000fcb00000,0x00000000fcb00000,0x00000000fe100000)
 ParOldGen       total 114176K, used 60786K [0x00000000e0000000, 0x00000000e6f80000, 0x00000000f5580000)
  object space 114176K, 53% used [0x00000000e0000000,0x00000000e3b5c9c8,0x00000000e6f80000)
 Metaspace       used 98241K, capacity 105988K, committed 106240K, reserved 1140736K
  class space    used 11768K, capacity 14319K, committed 14336K, reserved 1048576K
Event: 595.629 GC heap after
Heap after GC invocations=38 (full 12):
 PSYoungGen      total 141824K, used 0K [0x00000000f5580000, 0x00000000ff700000, 0x0000000100000000)
  eden space 120320K, 0% used [0x00000000f5580000,0x00000000f5580000,0x00000000fcb00000)
  from space 21504K, 0% used [0x00000000fe200000,0x00000000fe200000,0x00000000ff700000)
  to   space 22528K, 0% used [0x00000000fcb00000,0x00000000fcb00000,0x00000000fe100000)
 ParOldGen       total 114176K, used 66792K [0x00000000e0000000, 0x00000000e6f80000, 0x00000000f5580000)
  object space 114176K, 58% used [0x00000000e0000000,0x00000000e413a378,0x00000000e6f80000)
 Metaspace       used 98241K, capacity 105988K, committed 106240K, reserved 1140736K
  class space    used 11768K, capacity 14319K, committed 14336K, reserved 1048576K
}

