# JRE version: Java(TM) SE Runtime Environment (8.0_66-b18) (build 1.8.0_66-b18)
# Java VM: Java HotSpot(TM) 64-Bit Server VM (25.66-b18 mixed mode windows-amd64 compressed oops)
Heap:
 PSYoungGen      total 125952K, used 22511K [0x00000000f5580000, 0x00000000fed00000, 0x0000000100000000)
  eden space 117248K, 11% used [0x00000000f5580000,0x00000000f6300448,0x00000000fc800000)
  from space 8704K, 99% used [0x00000000fcc00000,0x00000000fd47ba98,0x00000000fd480000)
  to   space 18944K, 0% used [0x00000000fda80000,0x00000000fda80000,0x00000000fed00000)
 ParOldGen       total 89088K, used 49065K [0x00000000e0000000, 0x00000000e5700000, 0x00000000f5580000)
  object space 89088K, 55% used [0x00000000e0000000,0x00000000e2fea7b8,0x00000000e5700000)
 Metaspace       used 92632K, capacity 100022K, committed 100248K, reserved 1136640K
  class space    used 11461K, capacity 13953K, committed 14000K, reserved 1048576K
GC Heap History (10 events):
Event: 1210.452 GC heap before
{Heap before GC invocations=51 (full 21):
 PSYoungGen      total 139264K, used 288K [0x00000000f5580000, 0x00000000ff000000, 0x0000000100000000)
  eden space 123392K, 0% used [0x00000000f5580000,0x00000000f5580000,0x00000000fce00000)
  from space 15872K, 1% used [0x00000000fe080000,0x00000000fe0c8000,0x00000000ff000000)
  to   space 17408K, 0% used [0x00000000fce00000,0x00000000fce00000,0x00000000fdf00000)
 ParOldGen       total 89088K, used 48916K [0x00000000e0000000, 0x00000000e5700000, 0x00000000f5580000)
  object space 89088K, 54% used [0x00000000e0000000,0x00000000e2fc5350,0x00000000e5700000)
 Metaspace       used 83771K, capacity 90850K, committed 91160K, reserved 1128448K
  class space    used 10254K, capacity 12534K, committed 12592K, reserved 1048576K
Event: 1210.651 GC heap after
Heap after GC invocations=51 (full 21):
 PSYoungGen      total 139264K, used 0K [0x00000000f5580000, 0x00000000ff000000, 0x0000000100000000)
  eden space 123392K, 0% used [0x00000000f5580000,0x00000000f5580000,0x00000000fce00000)
  from space 15872K, 0% used [0x00000000fe080000,0x00000000fe080000,0x00000000ff000000)
  to   space 17408K, 0% used [0x00000000fce00000,0x00000000fce00000,0x00000000fdf00000)
 ParOldGen       total 89088K, used 48893K [0x00000000e0000000, 0x00000000e5700000, 0x00000000f5580000)
  object space 89088K, 54% used [0x00000000e0000000,0x00000000e2fbf4f0,0x00000000e5700000)
 Metaspace       used 83771K, capacity 90850K, committed 91160K, reserved 1128448K
  class space    used 10254K, capacity 12534K, committed 12592K, reserved 1048576K
}
Event: 1270.461 GC heap before
{Heap before GC invocations=52 (full 21):
 PSYoungGen      total 139264K, used 10461K [0x00000000f5580000, 0x00000000ff000000, 0x0000000100000000)
  eden space 123392K, 8% used [0x00000000f5580000,0x00000000f5fb76f0,0x00000000fce00000)
  from space 15872K, 0% used [0x00000000fe080000,0x00000000fe080000,0x00000000ff000000)
  to   space 17408K, 0% used [0x00000000fce00000,0x00000000fce00000,0x00000000fdf00000)
 ParOldGen       total 89088K, used 48893K [0x00000000e0000000, 0x00000000e5700000, 0x00000000f5580000)
  object space 89088K, 54% used [0x00000000e0000000,0x00000000e2fbf4f0,0x00000000e5700000)
 Metaspace       used 83789K, capacity 90850K, committed 91160K, reserved 1128448K
  class space    used 10254K, capacity 12534K, committed 12592K, reserved 1048576K
Event: 1270.468 GC heap after
Heap after GC invocations=52 (full 21):
 PSYoungGen      total 123904K, used 448K [0x00000000f5580000, 0x00000000fee00000, 0x0000000100000000)
  eden space 123392K, 0% used [0x00000000f5580000,0x00000000f5580000,0x00000000fce00000)
  from space 512K, 87% used [0x00000000fce00000,0x00000000fce70000,0x00000000fce80000)
  to   space 16384K, 0% used [0x00000000fde00000,0x00000000fde00000,0x00000000fee00000)
 ParOldGen       total 89088K, used 48901K [0x00000000e0000000, 0x00000000e5700000, 0x00000000f5580000)
  object space 89088K, 54% used [0x00000000e0000000,0x00000000e2fc14f0,0x00000000e5700000)
 Metaspace       used 83789K, capacity 90850K, committed 91160K, reserved 1128448K
  class space    used 10254K, capacity 12534K, committed 12592K, reserved 1048576K
}
Event: 1270.468 GC heap before
{Heap before GC invocations=53 (full 22):
 PSYoungGen      total 123904K, used 448K [0x00000000f5580000, 0x00000000fee00000, 0x0000000100000000)
  eden space 123392K, 0% used [0x00000000f5580000,0x00000000f5580000,0x00000000fce00000)
  from space 512K, 87% used [0x00000000fce00000,0x00000000fce70000,0x00000000fce80000)
  to   space 16384K, 0% used [0x00000000fde00000,0x00000000fde00000,0x00000000fee00000)
 ParOldGen       total 89088K, used 48901K [0x00000000e0000000, 0x00000000e5700000, 0x00000000f5580000)
  object space 89088K, 54% used [0x00000000e0000000,0x00000000e2fc14f0,0x00000000e5700000)
 Metaspace       used 83789K, capacity 90850K, committed 91160K, reserved 1128448K
  class space    used 10254K, capacity 12534K, committed 12592K, reserved 1048576K
Event: 1270.613 GC heap after
Heap after GC invocations=53 (full 22):
 PSYoungGen      total 123904K, used 0K [0x00000000f5580000, 0x00000000fee00000, 0x0000000100000000)
  eden space 123392K, 0% used [0x00000000f5580000,0x00000000f5580000,0x00000000fce00000)
  from space 512K, 0% used [0x00000000fce00000,0x00000000fce00000,0x00000000fce80000)
  to   space 16384K, 0% used [0x00000000fde00000,0x00000000fde00000,0x00000000fee00000)
 ParOldGen       total 89088K, used 49049K [0x00000000e0000000, 0x00000000e5700000, 0x00000000f5580000)
  object space 89088K, 55% used [0x00000000e0000000,0x00000000e2fe67b8,0x00000000e5700000)
 Metaspace       used 83789K, capacity 90850K, committed 91160K, reserved 1128448K
  class space    used 10254K, capacity 12534K, committed 12592K, reserved 1048576K
}
Event: 1394.419 GC heap before
{Heap before GC invocations=54 (full 22):
 PSYoungGen      total 123904K, used 123392K [0x00000000f5580000, 0x00000000fee00000, 0x0000000100000000)
  eden space 123392K, 100% used [0x00000000f5580000,0x00000000fce00000,0x00000000fce00000)
  from space 512K, 0% used [0x00000000fce00000,0x00000000fce00000,0x00000000fce80000)
  to   space 16384K, 0% used [0x00000000fde00000,0x00000000fde00000,0x00000000fee00000)
 ParOldGen       total 89088K, used 49049K [0x00000000e0000000, 0x00000000e5700000, 0x00000000f5580000)
  object space 89088K, 55% used [0x00000000e0000000,0x00000000e2fe67b8,0x00000000e5700000)
 Metaspace       used 89875K, capacity 97468K, committed 97816K, reserved 1134592K
  class space    used 11121K, capacity 13496K, committed 13616K, reserved 1048576K
Event: 1394.431 GC heap after
Heap after GC invocations=54 (full 22):
 PSYoungGen      total 137728K, used 11027K [0x00000000f5580000, 0x0000000100000000, 0x0000000100000000)
  eden space 121344K, 0% used [0x00000000f5580000,0x00000000f5580000,0x00000000fcc00000)
  from space 16384K, 67% used [0x00000000fde00000,0x00000000fe8c4fd8,0x00000000fee00000)
  to   space 18432K, 0% used [0x00000000fcc00000,0x00000000fcc00000,0x00000000fde00000)
 ParOldGen       total 89088K, used 49057K [0x00000000e0000000, 0x00000000e5700000, 0x00000000f5580000)
  object space 89088K, 55% used [0x00000000e0000000,0x00000000e2fe87b8,0x00000000e5700000)
 Metaspace       used 89875K, capacity 97468K, committed 97816K, reserved 1134592K
  class space    used 11121K, capacity 13496K, committed 13616K, reserved 1048576K
}
Event: 1737.727 GC heap before
{Heap before GC invocations=55 (full 22):
 PSYoungGen      total 137728K, used 132371K [0x00000000f5580000, 0x0000000100000000, 0x0000000100000000)
  eden space 121344K, 100% used [0x00000000f5580000,0x00000000fcc00000,0x00000000fcc00000)
  from space 16384K, 67% used [0x00000000fde00000,0x00000000fe8c4fd8,0x00000000fee00000)
  to   space 18432K, 0% used [0x00000000fcc00000,0x00000000fcc00000,0x00000000fde00000)
 ParOldGen       total 89088K, used 49057K [0x00000000e0000000, 0x00000000e5700000, 0x00000000f5580000)
  object space 89088K, 55% used [0x00000000e0000000,0x00000000e2fe87b8,0x00000000e5700000)
 Metaspace       used 92292K, capacity 99794K, committed 99992K, reserved 1134592K
  class space    used 11427K, capacity 13921K, committed 14000K, reserved 1048576K
Event: 1737.735 GC heap after
Heap after GC invocations=55 (full 22):
 PSYoungGen      total 125952K, used 8686K [0x00000000f5580000, 0x00000000fed00000, 0x0000000100000000)
  eden space 117248K, 0% used [0x00000000f5580000,0x00000000f5580000,0x00000000fc800000)
  from space 8704K, 99% used [0x00000000fcc00000,0x00000000fd47ba98,0x00000000fd480000)
  to   space 18944K, 0% used [0x00000000fda80000,0x00000000fda80000,0x00000000fed00000)
 ParOldGen       total 89088K, used 49065K [0x00000000e0000000, 0x00000000e5700000, 0x00000000f5580000)
  object space 89088K, 55% used [0x00000000e0000000,0x00000000e2fea7b8,0x00000000e5700000)
 Metaspace       used 92292K, capacity 99794K, committed 99992K, reserved 1134592K
  class space    used 11427K, capacity 13921K, committed 14000K, reserved 1048576K
}

