# JRE version: Java(TM) SE Runtime Environment (8.0_66-b18) (build 1.8.0_66-b18)
# Java VM: Java HotSpot(TM) 64-Bit Server VM (25.66-b18 mixed mode windows-amd64 compressed oops)
Heap:
 PSYoungGen      total 117248K, used 88186K [0x00000000f5580000, 0x0000000100000000, 0x0000000100000000)
  eden space 113152K, 77% used [0x00000000f5580000,0x00000000fab9ead0,0x00000000fc400000)
  from space 4096K, 0% used [0x00000000fc400000,0x00000000fc400000,0x00000000fc800000)
  to   space 31232K, 0% used [0x00000000fe180000,0x00000000fe180000,0x0000000100000000)
 ParOldGen       total 97792K, used 59191K [0x00000000e0000000, 0x00000000e5f80000, 0x00000000f5580000)
  object space 97792K, 60% used [0x00000000e0000000,0x00000000e39cddf8,0x00000000e5f80000)
 Metaspace       used 87582K, capacity 94384K, committed 94464K, reserved 1130496K
  class space    used 10731K, capacity 13054K, committed 13056K, reserved 1048576K
GC Heap History (10 events):
Event: 264.867 GC heap before
{Heap before GC invocations=14 (full 3):
 PSYoungGen      total 129024K, used 122976K [0x00000000f5580000, 0x00000000ff780000, 0x0000000100000000)
  eden space 105472K, 100% used [0x00000000f5580000,0x00000000fbc80000,0x00000000fbc80000)
  from space 23552K, 74% used [0x00000000fd480000,0x00000000fe5982b8,0x00000000feb80000)
  to   space 24576K, 0% used [0x00000000fbc80000,0x00000000fbc80000,0x00000000fd480000)
 ParOldGen       total 97792K, used 46845K [0x00000000e0000000, 0x00000000e5f80000, 0x00000000f5580000)
  object space 97792K, 47% used [0x00000000e0000000,0x00000000e2dbf768,0x00000000e5f80000)
 Metaspace       used 78784K, capacity 85382K, committed 85632K, reserved 1122304K
  class space    used 9721K, capacity 11833K, committed 11904K, reserved 1048576K
Event: 264.886 GC heap after
Heap after GC invocations=14 (full 3):
 PSYoungGen      total 130048K, used 24558K [0x00000000f5580000, 0x0000000100000000, 0x0000000100000000)
  eden space 105472K, 0% used [0x00000000f5580000,0x00000000f5580000,0x00000000fbc80000)
  from space 24576K, 99% used [0x00000000fbc80000,0x00000000fd47bb88,0x00000000fd480000)
  to   space 30208K, 0% used [0x00000000fe280000,0x00000000fe280000,0x0000000100000000)
 ParOldGen       total 97792K, used 52338K [0x00000000e0000000, 0x00000000e5f80000, 0x00000000f5580000)
  object space 97792K, 53% used [0x00000000e0000000,0x00000000e331cb48,0x00000000e5f80000)
 Metaspace       used 78784K, capacity 85382K, committed 85632K, reserved 1122304K
  class space    used 9721K, capacity 11833K, committed 11904K, reserved 1048576K
}
Event: 269.946 GC heap before
{Heap before GC invocations=15 (full 3):
 PSYoungGen      total 130048K, used 34965K [0x00000000f5580000, 0x0000000100000000, 0x0000000100000000)
  eden space 105472K, 9% used [0x00000000f5580000,0x00000000f5fa9890,0x00000000fbc80000)
  from space 24576K, 99% used [0x00000000fbc80000,0x00000000fd47bb88,0x00000000fd480000)
  to   space 30208K, 0% used [0x00000000fe280000,0x00000000fe280000,0x0000000100000000)
 ParOldGen       total 97792K, used 52338K [0x00000000e0000000, 0x00000000e5f80000, 0x00000000f5580000)
  object space 97792K, 53% used [0x00000000e0000000,0x00000000e331cb48,0x00000000e5f80000)
 Metaspace       used 80105K, capacity 86742K, committed 87040K, reserved 1124352K
  class space    used 9867K, capacity 11969K, committed 12032K, reserved 1048576K
Event: 269.976 GC heap after
Heap after GC invocations=15 (full 3):
 PSYoungGen      total 143360K, used 20073K [0x00000000f5580000, 0x0000000100000000, 0x0000000100000000)
  eden space 113152K, 0% used [0x00000000f5580000,0x00000000f5580000,0x00000000fc400000)
  from space 30208K, 66% used [0x00000000fe280000,0x00000000ff61a750,0x0000000100000000)
  to   space 30720K, 0% used [0x00000000fc400000,0x00000000fc400000,0x00000000fe200000)
 ParOldGen       total 97792K, used 52346K [0x00000000e0000000, 0x00000000e5f80000, 0x00000000f5580000)
  object space 97792K, 53% used [0x00000000e0000000,0x00000000e331eb48,0x00000000e5f80000)
 Metaspace       used 80105K, capacity 86742K, committed 87040K, reserved 1124352K
  class space    used 9867K, capacity 11969K, committed 12032K, reserved 1048576K
}
Event: 269.976 GC heap before
{Heap before GC invocations=16 (full 4):
 PSYoungGen      total 143360K, used 20073K [0x00000000f5580000, 0x0000000100000000, 0x0000000100000000)
  eden space 113152K, 0% used [0x00000000f5580000,0x00000000f5580000,0x00000000fc400000)
  from space 30208K, 66% used [0x00000000fe280000,0x00000000ff61a750,0x0000000100000000)
  to   space 30720K, 0% used [0x00000000fc400000,0x00000000fc400000,0x00000000fe200000)
 ParOldGen       total 97792K, used 52346K [0x00000000e0000000, 0x00000000e5f80000, 0x00000000f5580000)
  object space 97792K, 53% used [0x00000000e0000000,0x00000000e331eb48,0x00000000e5f80000)
 Metaspace       used 80105K, capacity 86742K, committed 87040K, reserved 1124352K
  class space    used 9867K, capacity 11969K, committed 12032K, reserved 1048576K
Event: 270.345 GC heap after
Heap after GC invocations=16 (full 4):
 PSYoungGen      total 143360K, used 0K [0x00000000f5580000, 0x0000000100000000, 0x0000000100000000)
  eden space 113152K, 0% used [0x00000000f5580000,0x00000000f5580000,0x00000000fc400000)
  from space 30208K, 0% used [0x00000000fe280000,0x00000000fe280000,0x0000000100000000)
  to   space 30720K, 0% used [0x00000000fc400000,0x00000000fc400000,0x00000000fe200000)
 ParOldGen       total 97792K, used 57453K [0x00000000e0000000, 0x00000000e5f80000, 0x00000000f5580000)
  object space 97792K, 58% used [0x00000000e0000000,0x00000000e381b6c0,0x00000000e5f80000)
 Metaspace       used 80105K, capacity 86742K, committed 87040K, reserved 1124352K
  class space    used 9867K, capacity 11969K, committed 12032K, reserved 1048576K
}
Event: 331.769 GC heap before
{Heap before GC invocations=17 (full 4):
 PSYoungGen      total 143360K, used 31980K [0x00000000f5580000, 0x0000000100000000, 0x0000000100000000)
  eden space 113152K, 28% used [0x00000000f5580000,0x00000000f74bb238,0x00000000fc400000)
  from space 30208K, 0% used [0x00000000fe280000,0x00000000fe280000,0x0000000100000000)
  to   space 30720K, 0% used [0x00000000fc400000,0x00000000fc400000,0x00000000fe200000)
 ParOldGen       total 97792K, used 57453K [0x00000000e0000000, 0x00000000e5f80000, 0x00000000f5580000)
  object space 97792K, 58% used [0x00000000e0000000,0x00000000e381b6c0,0x00000000e5f80000)
 Metaspace       used 81778K, capacity 88694K, committed 88832K, reserved 1126400K
  class space    used 10045K, capacity 12255K, committed 12288K, reserved 1048576K
Event: 331.779 GC heap after
Heap after GC invocations=17 (full 4):
 PSYoungGen      total 117248K, used 3784K [0x00000000f5580000, 0x0000000100000000, 0x0000000100000000)
  eden space 113152K, 0% used [0x00000000f5580000,0x00000000f5580000,0x00000000fc400000)
  from space 4096K, 92% used [0x00000000fc400000,0x00000000fc7b2348,0x00000000fc800000)
  to   space 31232K, 0% used [0x00000000fe180000,0x00000000fe180000,0x0000000100000000)
 ParOldGen       total 97792K, used 57525K [0x00000000e0000000, 0x00000000e5f80000, 0x00000000f5580000)
  object space 97792K, 58% used [0x00000000e0000000,0x00000000e382d6d0,0x00000000e5f80000)
 Metaspace       used 81778K, capacity 88694K, committed 88832K, reserved 1126400K
  class space    used 10045K, capacity 12255K, committed 12288K, reserved 1048576K
}
Event: 331.779 GC heap before
{Heap before GC invocations=18 (full 5):
 PSYoungGen      total 117248K, used 3784K [0x00000000f5580000, 0x0000000100000000, 0x0000000100000000)
  eden space 113152K, 0% used [0x00000000f5580000,0x00000000f5580000,0x00000000fc400000)
  from space 4096K, 92% used [0x00000000fc400000,0x00000000fc7b2348,0x00000000fc800000)
  to   space 31232K, 0% used [0x00000000fe180000,0x00000000fe180000,0x0000000100000000)
 ParOldGen       total 97792K, used 57525K [0x00000000e0000000, 0x00000000e5f80000, 0x00000000f5580000)
  object space 97792K, 58% used [0x00000000e0000000,0x00000000e382d6d0,0x00000000e5f80000)
 Metaspace       used 81778K, capacity 88694K, committed 88832K, reserved 1126400K
  class space    used 10045K, capacity 12255K, committed 12288K, reserved 1048576K
Event: 332.217 GC heap after
Heap after GC invocations=18 (full 5):
 PSYoungGen      total 117248K, used 0K [0x00000000f5580000, 0x0000000100000000, 0x0000000100000000)
  eden space 113152K, 0% used [0x00000000f5580000,0x00000000f5580000,0x00000000fc400000)
  from space 4096K, 0% used [0x00000000fc400000,0x00000000fc400000,0x00000000fc800000)
  to   space 31232K, 0% used [0x00000000fe180000,0x00000000fe180000,0x0000000100000000)
 ParOldGen       total 97792K, used 59191K [0x00000000e0000000, 0x00000000e5f80000, 0x00000000f5580000)
  object space 97792K, 60% used [0x00000000e0000000,0x00000000e39cddf8,0x00000000e5f80000)
 Metaspace       used 81778K, capacity 88694K, committed 88832K, reserved 1126400K
  class space    used 10045K, capacity 12255K, committed 12288K, reserved 1048576K
}

