# JRE version: Java(TM) SE Runtime Environment (8.0_66-b18) (build 1.8.0_66-b18)
# Java VM: Java HotSpot(TM) 64-Bit Server VM (25.66-b18 mixed mode windows-amd64 compressed oops)
Heap:
 PSYoungGen      total 138752K, used 6404K [0x00000000f5580000, 0x00000000ffe00000, 0x0000000100000000)
  eden space 107008K, 1% used [0x00000000f5580000,0x00000000f573feb0,0x00000000fbe00000)
  from space 31744K, 14% used [0x00000000fdf00000,0x00000000fe381408,0x00000000ffe00000)
  to   space 32768K, 0% used [0x00000000fbe00000,0x00000000fbe00000,0x00000000fde00000)
 ParOldGen       total 119808K, used 63599K [0x00000000e0000000, 0x00000000e7500000, 0x00000000f5580000)
  object space 119808K, 53% used [0x00000000e0000000,0x00000000e3e1bf80,0x00000000e7500000)
 Metaspace       used 98109K, capacity 105782K, committed 106008K, reserved 1140736K
  class space    used 12112K, capacity 14628K, committed 14640K, reserved 1048576K
GC Heap History (10 events):
Event: 166.959 GC heap before
{Heap before GC invocations=17 (full 4):
 PSYoungGen      total 138752K, used 92282K [0x00000000f5580000, 0x0000000100000000, 0x0000000100000000)
  eden space 102912K, 84% used [0x00000000f5580000,0x00000000faae0e50,0x00000000fba00000)
  from space 35840K, 13% used [0x00000000fdd00000,0x00000000fe1bdad8,0x0000000100000000)
  to   space 35840K, 0% used [0x00000000fba00000,0x00000000fba00000,0x00000000fdd00000)
 ParOldGen       total 119808K, used 62588K [0x00000000e0000000, 0x00000000e7500000, 0x00000000f5580000)
  object space 119808K, 52% used [0x00000000e0000000,0x00000000e3d1f2b8,0x00000000e7500000)
 Metaspace       used 89314K, capacity 96606K, committed 96664K, reserved 1132544K
  class space    used 11044K, capacity 13453K, committed 13488K, reserved 1048576K
Event: 166.965 GC heap after
Heap after GC invocations=17 (full 4):
 PSYoungGen      total 138752K, used 5138K [0x00000000f5580000, 0x0000000100000000, 0x0000000100000000)
  eden space 102912K, 0% used [0x00000000f5580000,0x00000000f5580000,0x00000000fba00000)
  from space 35840K, 14% used [0x00000000fba00000,0x00000000fbf04900,0x00000000fdd00000)
  to   space 35328K, 0% used [0x00000000fdd80000,0x00000000fdd80000,0x0000000100000000)
 ParOldGen       total 119808K, used 62596K [0x00000000e0000000, 0x00000000e7500000, 0x00000000f5580000)
  object space 119808K, 52% used [0x00000000e0000000,0x00000000e3d212b8,0x00000000e7500000)
 Metaspace       used 89314K, capacity 96606K, committed 96664K, reserved 1132544K
  class space    used 11044K, capacity 13453K, committed 13488K, reserved 1048576K
}
Event: 166.965 GC heap before
{Heap before GC invocations=18 (full 5):
 PSYoungGen      total 138752K, used 5138K [0x00000000f5580000, 0x0000000100000000, 0x0000000100000000)
  eden space 102912K, 0% used [0x00000000f5580000,0x00000000f5580000,0x00000000fba00000)
  from space 35840K, 14% used [0x00000000fba00000,0x00000000fbf04900,0x00000000fdd00000)
  to   space 35328K, 0% used [0x00000000fdd80000,0x00000000fdd80000,0x0000000100000000)
 ParOldGen       total 119808K, used 62596K [0x00000000e0000000, 0x00000000e7500000, 0x00000000f5580000)
  object space 119808K, 52% used [0x00000000e0000000,0x00000000e3d212b8,0x00000000e7500000)
 Metaspace       used 89314K, capacity 96606K, committed 96664K, reserved 1132544K
  class space    used 11044K, capacity 13453K, committed 13488K, reserved 1048576K
Event: 167.290 GC heap after
Heap after GC invocations=18 (full 5):
 PSYoungGen      total 138752K, used 0K [0x00000000f5580000, 0x0000000100000000, 0x0000000100000000)
  eden space 102912K, 0% used [0x00000000f5580000,0x00000000f5580000,0x00000000fba00000)
  from space 35840K, 0% used [0x00000000fba00000,0x00000000fba00000,0x00000000fdd00000)
  to   space 35328K, 0% used [0x00000000fdd80000,0x00000000fdd80000,0x0000000100000000)
 ParOldGen       total 119808K, used 63575K [0x00000000e0000000, 0x00000000e7500000, 0x00000000f5580000)
  object space 119808K, 53% used [0x00000000e0000000,0x00000000e3e15f80,0x00000000e7500000)
 Metaspace       used 89314K, capacity 96606K, committed 96664K, reserved 1132544K
  class space    used 11044K, capacity 13453K, committed 13488K, reserved 1048576K
}
Event: 207.179 GC heap before
{Heap before GC invocations=19 (full 5):
 PSYoungGen      total 138752K, used 102912K [0x00000000f5580000, 0x0000000100000000, 0x0000000100000000)
  eden space 102912K, 100% used [0x00000000f5580000,0x00000000fba00000,0x00000000fba00000)
  from space 35840K, 0% used [0x00000000fba00000,0x00000000fba00000,0x00000000fdd00000)
  to   space 35328K, 0% used [0x00000000fdd80000,0x00000000fdd80000,0x0000000100000000)
 ParOldGen       total 119808K, used 63575K [0x00000000e0000000, 0x00000000e7500000, 0x00000000f5580000)
  object space 119808K, 53% used [0x00000000e0000000,0x00000000e3e15f80,0x00000000e7500000)
 Metaspace       used 91531K, capacity 98940K, committed 99096K, reserved 1134592K
  class space    used 11361K, capacity 13782K, committed 13872K, reserved 1048576K
Event: 207.187 GC heap after
Heap after GC invocations=19 (full 5):
 PSYoungGen      total 136192K, used 7248K [0x00000000f5580000, 0x00000000ffd80000, 0x0000000100000000)
  eden space 103424K, 0% used [0x00000000f5580000,0x00000000f5580000,0x00000000fba80000)
  from space 32768K, 22% used [0x00000000fdd80000,0x00000000fe494090,0x00000000ffd80000)
  to   space 34304K, 0% used [0x00000000fba80000,0x00000000fba80000,0x00000000fdc00000)
 ParOldGen       total 119808K, used 63583K [0x00000000e0000000, 0x00000000e7500000, 0x00000000f5580000)
  object space 119808K, 53% used [0x00000000e0000000,0x00000000e3e17f80,0x00000000e7500000)
 Metaspace       used 91531K, capacity 98940K, committed 99096K, reserved 1134592K
  class space    used 11361K, capacity 13782K, committed 13872K, reserved 1048576K
}
Event: 227.136 GC heap before
{Heap before GC invocations=20 (full 5):
 PSYoungGen      total 136192K, used 110672K [0x00000000f5580000, 0x00000000ffd80000, 0x0000000100000000)
  eden space 103424K, 100% used [0x00000000f5580000,0x00000000fba80000,0x00000000fba80000)
  from space 32768K, 22% used [0x00000000fdd80000,0x00000000fe494090,0x00000000ffd80000)
  to   space 34304K, 0% used [0x00000000fba80000,0x00000000fba80000,0x00000000fdc00000)
 ParOldGen       total 119808K, used 63583K [0x00000000e0000000, 0x00000000e7500000, 0x00000000f5580000)
  object space 119808K, 53% used [0x00000000e0000000,0x00000000e3e17f80,0x00000000e7500000)
 Metaspace       used 96869K, capacity 104478K, committed 104728K, reserved 1138688K
  class space    used 12020K, capacity 14518K, committed 14640K, reserved 1048576K
Event: 227.145 GC heap after
Heap after GC invocations=20 (full 5):
 PSYoungGen      total 137728K, used 15231K [0x00000000f5580000, 0x00000000fff80000, 0x0000000100000000)
  eden space 103424K, 0% used [0x00000000f5580000,0x00000000f5580000,0x00000000fba80000)
  from space 34304K, 44% used [0x00000000fba80000,0x00000000fc95fcf0,0x00000000fdc00000)
  to   space 33280K, 0% used [0x00000000fdf00000,0x00000000fdf00000,0x00000000fff80000)
 ParOldGen       total 119808K, used 63591K [0x00000000e0000000, 0x00000000e7500000, 0x00000000f5580000)
  object space 119808K, 53% used [0x00000000e0000000,0x00000000e3e19f80,0x00000000e7500000)
 Metaspace       used 96869K, capacity 104478K, committed 104728K, reserved 1138688K
  class space    used 12020K, capacity 14518K, committed 14640K, reserved 1048576K
}
Event: 238.146 GC heap before
{Heap before GC invocations=21 (full 5):
 PSYoungGen      total 137728K, used 118655K [0x00000000f5580000, 0x00000000fff80000, 0x0000000100000000)
  eden space 103424K, 100% used [0x00000000f5580000,0x00000000fba80000,0x00000000fba80000)
  from space 34304K, 44% used [0x00000000fba80000,0x00000000fc95fcf0,0x00000000fdc00000)
  to   space 33280K, 0% used [0x00000000fdf00000,0x00000000fdf00000,0x00000000fff80000)
 ParOldGen       total 119808K, used 63591K [0x00000000e0000000, 0x00000000e7500000, 0x00000000f5580000)
  object space 119808K, 53% used [0x00000000e0000000,0x00000000e3e19f80,0x00000000e7500000)
 Metaspace       used 98093K, capacity 105718K, committed 105752K, reserved 1140736K
  class space    used 12111K, capacity 14628K, committed 14640K, reserved 1048576K
Event: 238.153 GC heap after
Heap after GC invocations=21 (full 5):
 PSYoungGen      total 138752K, used 4613K [0x00000000f5580000, 0x00000000ffe00000, 0x0000000100000000)
  eden space 107008K, 0% used [0x00000000f5580000,0x00000000f5580000,0x00000000fbe00000)
  from space 31744K, 14% used [0x00000000fdf00000,0x00000000fe381408,0x00000000ffe00000)
  to   space 32768K, 0% used [0x00000000fbe00000,0x00000000fbe00000,0x00000000fde00000)
 ParOldGen       total 119808K, used 63599K [0x00000000e0000000, 0x00000000e7500000, 0x00000000f5580000)
  object space 119808K, 53% used [0x00000000e0000000,0x00000000e3e1bf80,0x00000000e7500000)
 Metaspace       used 98093K, capacity 105718K, committed 105752K, reserved 1140736K
  class space    used 12111K, capacity 14628K, committed 14640K, reserved 1048576K
}

