# JRE version: Java(TM) SE Runtime Environment (8.0_66-b18) (build 1.8.0_66-b18)
# Java VM: Java HotSpot(TM) 64-Bit Server VM (25.66-b18 mixed mode windows-amd64 compressed oops)
Heap:
 PSYoungGen      total 145920K, used 51911K [0x00000000f5580000, 0x00000000ffd80000, 0x0000000100000000)
  eden space 121856K, 42% used [0x00000000f5580000,0x00000000f8831f88,0x00000000fcc80000)
  from space 24064K, 0% used [0x00000000fe600000,0x00000000fe600000,0x00000000ffd80000)
  to   space 25088K, 0% used [0x00000000fcc80000,0x00000000fcc80000,0x00000000fe500000)
 ParOldGen       total 114176K, used 46776K [0x00000000e0000000, 0x00000000e6f80000, 0x00000000f5580000)
  object space 114176K, 40% used [0x00000000e0000000,0x00000000e2dae160,0x00000000e6f80000)
 Metaspace       used 89626K, capacity 96976K, committed 97304K, reserved 1132544K
  class space    used 11048K, capacity 13550K, committed 13600K, reserved 1048576K
GC Heap History (10 events):
Event: 649.335 GC heap before
{Heap before GC invocations=33 (full 13):
 PSYoungGen      total 147456K, used 512K [0x00000000f5580000, 0x0000000100000000, 0x0000000100000000)
  eden space 118784K, 0% used [0x00000000f5580000,0x00000000f5580000,0x00000000fc980000)
  from space 28672K, 1% used [0x00000000fe400000,0x00000000fe480000,0x0000000100000000)
  to   space 27136K, 0% used [0x00000000fc980000,0x00000000fc980000,0x00000000fe400000)
 ParOldGen       total 114176K, used 48984K [0x00000000e0000000, 0x00000000e6f80000, 0x00000000f5580000)
  object space 114176K, 42% used [0x00000000e0000000,0x00000000e2fd6138,0x00000000e6f80000)
 Metaspace       used 88647K, capacity 96068K, committed 96408K, reserved 1132544K
  class space    used 10948K, capacity 13394K, committed 13472K, reserved 1048576K
Event: 649.756 GC heap after
Heap after GC invocations=33 (full 13):
 PSYoungGen      total 147456K, used 0K [0x00000000f5580000, 0x0000000100000000, 0x0000000100000000)
  eden space 118784K, 0% used [0x00000000f5580000,0x00000000f5580000,0x00000000fc980000)
  from space 28672K, 0% used [0x00000000fe400000,0x00000000fe400000,0x0000000100000000)
  to   space 27136K, 0% used [0x00000000fc980000,0x00000000fc980000,0x00000000fe400000)
 ParOldGen       total 114176K, used 47010K [0x00000000e0000000, 0x00000000e6f80000, 0x00000000f5580000)
  object space 114176K, 41% used [0x00000000e0000000,0x00000000e2de8a50,0x00000000e6f80000)
 Metaspace       used 88626K, capacity 96032K, committed 96408K, reserved 1132544K
  class space    used 10945K, capacity 13388K, committed 13472K, reserved 1048576K
}
Event: 709.340 GC heap before
{Heap before GC invocations=34 (full 13):
 PSYoungGen      total 147456K, used 6001K [0x00000000f5580000, 0x0000000100000000, 0x0000000100000000)
  eden space 118784K, 5% used [0x00000000f5580000,0x00000000f5b5c420,0x00000000fc980000)
  from space 28672K, 0% used [0x00000000fe400000,0x00000000fe400000,0x0000000100000000)
  to   space 27136K, 0% used [0x00000000fc980000,0x00000000fc980000,0x00000000fe400000)
 ParOldGen       total 114176K, used 47010K [0x00000000e0000000, 0x00000000e6f80000, 0x00000000f5580000)
  object space 114176K, 41% used [0x00000000e0000000,0x00000000e2de8a50,0x00000000e6f80000)
 Metaspace       used 88627K, capacity 96032K, committed 96408K, reserved 1132544K
  class space    used 10945K, capacity 13388K, committed 13472K, reserved 1048576K
Event: 709.345 GC heap after
Heap after GC invocations=34 (full 13):
 PSYoungGen      total 145920K, used 160K [0x00000000f5580000, 0x00000000fff80000, 0x0000000100000000)
  eden space 118784K, 0% used [0x00000000f5580000,0x00000000f5580000,0x00000000fc980000)
  from space 27136K, 0% used [0x00000000fc980000,0x00000000fc9a8000,0x00000000fe400000)
  to   space 26112K, 0% used [0x00000000fe600000,0x00000000fe600000,0x00000000fff80000)
 ParOldGen       total 114176K, used 47010K [0x00000000e0000000, 0x00000000e6f80000, 0x00000000f5580000)
  object space 114176K, 41% used [0x00000000e0000000,0x00000000e2de8a50,0x00000000e6f80000)
 Metaspace       used 88627K, capacity 96032K, committed 96408K, reserved 1132544K
  class space    used 10945K, capacity 13388K, committed 13472K, reserved 1048576K
}
Event: 709.345 GC heap before
{Heap before GC invocations=35 (full 14):
 PSYoungGen      total 145920K, used 160K [0x00000000f5580000, 0x00000000fff80000, 0x0000000100000000)
  eden space 118784K, 0% used [0x00000000f5580000,0x00000000f5580000,0x00000000fc980000)
  from space 27136K, 0% used [0x00000000fc980000,0x00000000fc9a8000,0x00000000fe400000)
  to   space 26112K, 0% used [0x00000000fe600000,0x00000000fe600000,0x00000000fff80000)
 ParOldGen       total 114176K, used 47010K [0x00000000e0000000, 0x00000000e6f80000, 0x00000000f5580000)
  object space 114176K, 41% used [0x00000000e0000000,0x00000000e2de8a50,0x00000000e6f80000)
 Metaspace       used 88627K, capacity 96032K, committed 96408K, reserved 1132544K
  class space    used 10945K, capacity 13388K, committed 13472K, reserved 1048576K
Event: 709.519 GC heap after
Heap after GC invocations=35 (full 14):
 PSYoungGen      total 145920K, used 0K [0x00000000f5580000, 0x00000000fff80000, 0x0000000100000000)
  eden space 118784K, 0% used [0x00000000f5580000,0x00000000f5580000,0x00000000fc980000)
  from space 27136K, 0% used [0x00000000fc980000,0x00000000fc980000,0x00000000fe400000)
  to   space 26112K, 0% used [0x00000000fe600000,0x00000000fe600000,0x00000000fff80000)
 ParOldGen       total 114176K, used 46803K [0x00000000e0000000, 0x00000000e6f80000, 0x00000000f5580000)
  object space 114176K, 40% used [0x00000000e0000000,0x00000000e2db4e60,0x00000000e6f80000)
 Metaspace       used 88627K, capacity 96032K, committed 96408K, reserved 1132544K
  class space    used 10945K, capacity 13388K, committed 13472K, reserved 1048576K
}
Event: 769.351 GC heap before
{Heap before GC invocations=36 (full 14):
 PSYoungGen      total 145920K, used 4267K [0x00000000f5580000, 0x00000000fff80000, 0x0000000100000000)
  eden space 118784K, 3% used [0x00000000f5580000,0x00000000f59aafb0,0x00000000fc980000)
  from space 27136K, 0% used [0x00000000fc980000,0x00000000fc980000,0x00000000fe400000)
  to   space 26112K, 0% used [0x00000000fe600000,0x00000000fe600000,0x00000000fff80000)
 ParOldGen       total 114176K, used 46803K [0x00000000e0000000, 0x00000000e6f80000, 0x00000000f5580000)
  object space 114176K, 40% used [0x00000000e0000000,0x00000000e2db4e60,0x00000000e6f80000)
 Metaspace       used 88640K, capacity 96032K, committed 96408K, reserved 1132544K
  class space    used 10945K, capacity 13388K, committed 13472K, reserved 1048576K
Event: 769.357 GC heap after
Heap after GC invocations=36 (full 14):
 PSYoungGen      total 145920K, used 224K [0x00000000f5580000, 0x00000000ffd80000, 0x0000000100000000)
  eden space 121856K, 0% used [0x00000000f5580000,0x00000000f5580000,0x00000000fcc80000)
  from space 24064K, 0% used [0x00000000fe600000,0x00000000fe638000,0x00000000ffd80000)
  to   space 25088K, 0% used [0x00000000fcc80000,0x00000000fcc80000,0x00000000fe500000)
 ParOldGen       total 114176K, used 46811K [0x00000000e0000000, 0x00000000e6f80000, 0x00000000f5580000)
  object space 114176K, 40% used [0x00000000e0000000,0x00000000e2db6e60,0x00000000e6f80000)
 Metaspace       used 88640K, capacity 96032K, committed 96408K, reserved 1132544K
  class space    used 10945K, capacity 13388K, committed 13472K, reserved 1048576K
}
Event: 769.357 GC heap before
{Heap before GC invocations=37 (full 15):
 PSYoungGen      total 145920K, used 224K [0x00000000f5580000, 0x00000000ffd80000, 0x0000000100000000)
  eden space 121856K, 0% used [0x00000000f5580000,0x00000000f5580000,0x00000000fcc80000)
  from space 24064K, 0% used [0x00000000fe600000,0x00000000fe638000,0x00000000ffd80000)
  to   space 25088K, 0% used [0x00000000fcc80000,0x00000000fcc80000,0x00000000fe500000)
 ParOldGen       total 114176K, used 46811K [0x00000000e0000000, 0x00000000e6f80000, 0x00000000f5580000)
  object space 114176K, 40% used [0x00000000e0000000,0x00000000e2db6e60,0x00000000e6f80000)
 Metaspace       used 88640K, capacity 96032K, committed 96408K, reserved 1132544K
  class space    used 10945K, capacity 13388K, committed 13472K, reserved 1048576K
Event: 769.592 GC heap after
Heap after GC invocations=37 (full 15):
 PSYoungGen      total 145920K, used 0K [0x00000000f5580000, 0x00000000ffd80000, 0x0000000100000000)
  eden space 121856K, 0% used [0x00000000f5580000,0x00000000f5580000,0x00000000fcc80000)
  from space 24064K, 0% used [0x00000000fe600000,0x00000000fe600000,0x00000000ffd80000)
  to   space 25088K, 0% used [0x00000000fcc80000,0x00000000fcc80000,0x00000000fe500000)
 ParOldGen       total 114176K, used 46776K [0x00000000e0000000, 0x00000000e6f80000, 0x00000000f5580000)
  object space 114176K, 40% used [0x00000000e0000000,0x00000000e2dae160,0x00000000e6f80000)
 Metaspace       used 88632K, capacity 96020K, committed 96408K, reserved 1132544K
  class space    used 10944K, capacity 13386K, committed 13472K, reserved 1048576K
}

