# JRE version: Java(TM) SE Runtime Environment (8.0_66-b18) (build 1.8.0_66-b18)
# Java VM: Java HotSpot(TM) 64-Bit Server VM (25.66-b18 mixed mode windows-amd64 compressed oops)
Heap:
 PSYoungGen      total 115200K, used 44017K [0x00000000f5580000, 0x00000000fcd00000, 0x0000000100000000)
  eden space 111104K, 36% used [0x00000000f5580000,0x00000000f7d49ae0,0x00000000fc200000)
  from space 4096K, 79% used [0x00000000fc680000,0x00000000fc9b2d18,0x00000000fca80000)
  to   space 4608K, 0% used [0x00000000fc200000,0x00000000fc200000,0x00000000fc680000)
 ParOldGen       total 145408K, used 60089K [0x00000000e0000000, 0x00000000e8e00000, 0x00000000f5580000)
  object space 145408K, 41% used [0x00000000e0000000,0x00000000e3aae770,0x00000000e8e00000)
 Metaspace       used 103908K, capacity 111872K, committed 112168K, reserved 1146880K
  class space    used 12442K, capacity 15066K, committed 15152K, reserved 1048576K
GC Heap History (10 events):
Event: 3157.871 GC heap before
{Heap before GC invocations=124 (full 55):
 PSYoungGen      total 113664K, used 1536K [0x00000000f5580000, 0x00000000fcb00000, 0x0000000100000000)
  eden space 109568K, 0% used [0x00000000f5580000,0x00000000f5580000,0x00000000fc080000)
  from space 4096K, 37% used [0x00000000fc080000,0x00000000fc200000,0x00000000fc480000)
  to   space 4096K, 0% used [0x00000000fc700000,0x00000000fc700000,0x00000000fcb00000)
 ParOldGen       total 145408K, used 59702K [0x00000000e0000000, 0x00000000e8e00000, 0x00000000f5580000)
  object space 145408K, 41% used [0x00000000e0000000,0x00000000e3a4db68,0x00000000e8e00000)
 Metaspace       used 102963K, capacity 110974K, committed 111272K, reserved 1144832K
  class space    used 12364K, capacity 14965K, committed 15024K, reserved 1048576K
Event: 3158.041 GC heap after
Heap after GC invocations=124 (full 55):
 PSYoungGen      total 113664K, used 0K [0x00000000f5580000, 0x00000000fcb00000, 0x0000000100000000)
  eden space 109568K, 0% used [0x00000000f5580000,0x00000000f5580000,0x00000000fc080000)
  from space 4096K, 0% used [0x00000000fc080000,0x00000000fc080000,0x00000000fc480000)
  to   space 4096K, 0% used [0x00000000fc700000,0x00000000fc700000,0x00000000fcb00000)
 ParOldGen       total 145408K, used 60096K [0x00000000e0000000, 0x00000000e8e00000, 0x00000000f5580000)
  object space 145408K, 41% used [0x00000000e0000000,0x00000000e3ab0120,0x00000000e8e00000)
 Metaspace       used 102963K, capacity 110974K, committed 111272K, reserved 1144832K
  class space    used 12364K, capacity 14965K, committed 15024K, reserved 1048576K
}
Event: 3184.530 GC heap before
{Heap before GC invocations=125 (full 55):
 PSYoungGen      total 113664K, used 109568K [0x00000000f5580000, 0x00000000fcb00000, 0x0000000100000000)
  eden space 109568K, 100% used [0x00000000f5580000,0x00000000fc080000,0x00000000fc080000)
  from space 4096K, 0% used [0x00000000fc080000,0x00000000fc080000,0x00000000fc480000)
  to   space 4096K, 0% used [0x00000000fc700000,0x00000000fc700000,0x00000000fcb00000)
 ParOldGen       total 145408K, used 60096K [0x00000000e0000000, 0x00000000e8e00000, 0x00000000f5580000)
  object space 145408K, 41% used [0x00000000e0000000,0x00000000e3ab0120,0x00000000e8e00000)
 Metaspace       used 103110K, capacity 111230K, committed 111528K, reserved 1146880K
  class space    used 12365K, capacity 14965K, committed 15024K, reserved 1048576K
Event: 3184.535 GC heap after
Heap after GC invocations=125 (full 55):
 PSYoungGen      total 115200K, used 1748K [0x00000000f5580000, 0x00000000fca80000, 0x0000000100000000)
  eden space 111616K, 0% used [0x00000000f5580000,0x00000000f5580000,0x00000000fc280000)
  from space 3584K, 48% used [0x00000000fc700000,0x00000000fc8b5300,0x00000000fca80000)
  to   space 4096K, 0% used [0x00000000fc280000,0x00000000fc280000,0x00000000fc680000)
 ParOldGen       total 145408K, used 60104K [0x00000000e0000000, 0x00000000e8e00000, 0x00000000f5580000)
  object space 145408K, 41% used [0x00000000e0000000,0x00000000e3ab2120,0x00000000e8e00000)
 Metaspace       used 103110K, capacity 111230K, committed 111528K, reserved 1146880K
  class space    used 12365K, capacity 14965K, committed 15024K, reserved 1048576K
}
Event: 3222.234 GC heap before
{Heap before GC invocations=126 (full 55):
 PSYoungGen      total 115200K, used 29380K [0x00000000f5580000, 0x00000000fca80000, 0x0000000100000000)
  eden space 111616K, 24% used [0x00000000f5580000,0x00000000f707c0a0,0x00000000fc280000)
  from space 3584K, 48% used [0x00000000fc700000,0x00000000fc8b5300,0x00000000fca80000)
  to   space 4096K, 0% used [0x00000000fc280000,0x00000000fc280000,0x00000000fc680000)
 ParOldGen       total 145408K, used 60104K [0x00000000e0000000, 0x00000000e8e00000, 0x00000000f5580000)
  object space 145408K, 41% used [0x00000000e0000000,0x00000000e3ab2120,0x00000000e8e00000)
 Metaspace       used 103119K, capacity 111230K, committed 111528K, reserved 1146880K
  class space    used 12365K, capacity 14965K, committed 15024K, reserved 1048576K
Event: 3222.238 GC heap after
Heap after GC invocations=126 (full 55):
 PSYoungGen      total 115712K, used 2420K [0x00000000f5580000, 0x00000000fca80000, 0x0000000100000000)
  eden space 111616K, 0% used [0x00000000f5580000,0x00000000f5580000,0x00000000fc280000)
  from space 4096K, 59% used [0x00000000fc280000,0x00000000fc4dd300,0x00000000fc680000)
  to   space 4096K, 0% used [0x00000000fc680000,0x00000000fc680000,0x00000000fca80000)
 ParOldGen       total 145408K, used 60104K [0x00000000e0000000, 0x00000000e8e00000, 0x00000000f5580000)
  object space 145408K, 41% used [0x00000000e0000000,0x00000000e3ab2120,0x00000000e8e00000)
 Metaspace       used 103119K, capacity 111230K, committed 111528K, reserved 1146880K
  class space    used 12365K, capacity 14965K, committed 15024K, reserved 1048576K
}
Event: 3222.238 GC heap before
{Heap before GC invocations=127 (full 56):
 PSYoungGen      total 115712K, used 2420K [0x00000000f5580000, 0x00000000fca80000, 0x0000000100000000)
  eden space 111616K, 0% used [0x00000000f5580000,0x00000000f5580000,0x00000000fc280000)
  from space 4096K, 59% used [0x00000000fc280000,0x00000000fc4dd300,0x00000000fc680000)
  to   space 4096K, 0% used [0x00000000fc680000,0x00000000fc680000,0x00000000fca80000)
 ParOldGen       total 145408K, used 60104K [0x00000000e0000000, 0x00000000e8e00000, 0x00000000f5580000)
  object space 145408K, 41% used [0x00000000e0000000,0x00000000e3ab2120,0x00000000e8e00000)
 Metaspace       used 103119K, capacity 111230K, committed 111528K, reserved 1146880K
  class space    used 12365K, capacity 14965K, committed 15024K, reserved 1048576K
Event: 3222.404 GC heap after
Heap after GC invocations=127 (full 56):
 PSYoungGen      total 115712K, used 0K [0x00000000f5580000, 0x00000000fca80000, 0x0000000100000000)
  eden space 111616K, 0% used [0x00000000f5580000,0x00000000f5580000,0x00000000fc280000)
  from space 4096K, 0% used [0x00000000fc280000,0x00000000fc280000,0x00000000fc680000)
  to   space 4096K, 0% used [0x00000000fc680000,0x00000000fc680000,0x00000000fca80000)
 ParOldGen       total 145408K, used 60089K [0x00000000e0000000, 0x00000000e8e00000, 0x00000000f5580000)
  object space 145408K, 41% used [0x00000000e0000000,0x00000000e3aae770,0x00000000e8e00000)
 Metaspace       used 103119K, capacity 111230K, committed 111528K, reserved 1146880K
  class space    used 12365K, capacity 14965K, committed 15024K, reserved 1048576K
}
Event: 3266.520 GC heap before
{Heap before GC invocations=128 (full 56):
 PSYoungGen      total 115712K, used 111616K [0x00000000f5580000, 0x00000000fca80000, 0x0000000100000000)
  eden space 111616K, 100% used [0x00000000f5580000,0x00000000fc280000,0x00000000fc280000)
  from space 4096K, 0% used [0x00000000fc280000,0x00000000fc280000,0x00000000fc680000)
  to   space 4096K, 0% used [0x00000000fc680000,0x00000000fc680000,0x00000000fca80000)
 ParOldGen       total 145408K, used 60089K [0x00000000e0000000, 0x00000000e8e00000, 0x00000000f5580000)
  object space 145408K, 41% used [0x00000000e0000000,0x00000000e3aae770,0x00000000e8e00000)
 Metaspace       used 103344K, capacity 111364K, committed 111528K, reserved 1146880K
  class space    used 12377K, capacity 14966K, committed 15024K, reserved 1048576K
Event: 3266.547 GC heap after
Heap after GC invocations=128 (full 56):
 PSYoungGen      total 115200K, used 3275K [0x00000000f5580000, 0x00000000fcd00000, 0x0000000100000000)
  eden space 111104K, 0% used [0x00000000f5580000,0x00000000f5580000,0x00000000fc200000)
  from space 4096K, 79% used [0x00000000fc680000,0x00000000fc9b2d18,0x00000000fca80000)
  to   space 4608K, 0% used [0x00000000fc200000,0x00000000fc200000,0x00000000fc680000)
 ParOldGen       total 145408K, used 60089K [0x00000000e0000000, 0x00000000e8e00000, 0x00000000f5580000)
  object space 145408K, 41% used [0x00000000e0000000,0x00000000e3aae770,0x00000000e8e00000)
 Metaspace       used 103344K, capacity 111364K, committed 111528K, reserved 1146880K
  class space    used 12377K, capacity 14966K, committed 15024K, reserved 1048576K
}

