# JRE version: Java(TM) SE Runtime Environment (8.0_66-b18) (build 1.8.0_66-b18)
# Java VM: Java HotSpot(TM) 64-Bit Server VM (25.66-b18 mixed mode windows-amd64 compressed oops)
Heap:
 PSYoungGen      total 140800K, used 66525K [0x00000000f5580000, 0x00000000ff400000, 0x0000000100000000)
  eden space 119296K, 55% used [0x00000000f5580000,0x00000000f9677440,0x00000000fca00000)
  from space 21504K, 0% used [0x00000000fdf00000,0x00000000fdf00000,0x00000000ff400000)
  to   space 21504K, 0% used [0x00000000fca00000,0x00000000fca00000,0x00000000fdf00000)
 ParOldGen       total 95744K, used 57222K [0x00000000e0000000, 0x00000000e5d80000, 0x00000000f5580000)
  object space 95744K, 59% used [0x00000000e0000000,0x00000000e37e1b68,0x00000000e5d80000)
 Metaspace       used 84537K, capacity 91384K, committed 91648K, reserved 1128448K
  class space    used 10188K, capacity 12448K, committed 12544K, reserved 1048576K
GC Heap History (10 events):
Event: 157.373 GC heap before
{Heap before GC invocations=16 (full 4):
 PSYoungGen      total 126976K, used 118470K [0x00000000f5580000, 0x00000000ff880000, 0x0000000100000000)
  eden space 104448K, 100% used [0x00000000f5580000,0x00000000fbb80000,0x00000000fbb80000)
  from space 22528K, 62% used [0x00000000fbb80000,0x00000000fc931800,0x00000000fd180000)
  to   space 22528K, 0% used [0x00000000fe280000,0x00000000fe280000,0x00000000ff880000)
 ParOldGen       total 95744K, used 51767K [0x00000000e0000000, 0x00000000e5d80000, 0x00000000f5580000)
  object space 95744K, 54% used [0x00000000e0000000,0x00000000e328dc08,0x00000000e5d80000)
 Metaspace       used 79709K, capacity 86260K, committed 86528K, reserved 1124352K
  class space    used 9622K, capacity 11751K, committed 11776K, reserved 1048576K
Event: 157.387 GC heap after
Heap after GC invocations=16 (full 4):
 PSYoungGen      total 139264K, used 15042K [0x00000000f5580000, 0x00000000ff600000, 0x0000000100000000)
  eden space 119296K, 0% used [0x00000000f5580000,0x00000000f5580000,0x00000000fca00000)
  from space 19968K, 75% used [0x00000000fe280000,0x00000000ff130988,0x00000000ff600000)
  to   space 22528K, 0% used [0x00000000fca00000,0x00000000fca00000,0x00000000fe000000)
 ParOldGen       total 95744K, used 51775K [0x00000000e0000000, 0x00000000e5d80000, 0x00000000f5580000)
  object space 95744K, 54% used [0x00000000e0000000,0x00000000e328fc08,0x00000000e5d80000)
 Metaspace       used 79709K, capacity 86260K, committed 86528K, reserved 1124352K
  class space    used 9622K, capacity 11751K, committed 11776K, reserved 1048576K
}
Event: 160.147 GC heap before
{Heap before GC invocations=17 (full 4):
 PSYoungGen      total 139264K, used 56189K [0x00000000f5580000, 0x00000000ff600000, 0x0000000100000000)
  eden space 119296K, 34% used [0x00000000f5580000,0x00000000f7daeb50,0x00000000fca00000)
  from space 19968K, 75% used [0x00000000fe280000,0x00000000ff130988,0x00000000ff600000)
  to   space 22528K, 0% used [0x00000000fca00000,0x00000000fca00000,0x00000000fe000000)
 ParOldGen       total 95744K, used 51775K [0x00000000e0000000, 0x00000000e5d80000, 0x00000000f5580000)
  object space 95744K, 54% used [0x00000000e0000000,0x00000000e328fc08,0x00000000e5d80000)
 Metaspace       used 80158K, capacity 86676K, committed 86912K, reserved 1124352K
  class space    used 9651K, capacity 11783K, committed 11904K, reserved 1048576K
Event: 160.168 GC heap after
Heap after GC invocations=17 (full 4):
 PSYoungGen      total 131072K, used 11627K [0x00000000f5580000, 0x00000000ff400000, 0x0000000100000000)
  eden space 119296K, 0% used [0x00000000f5580000,0x00000000f5580000,0x00000000fca00000)
  from space 11776K, 98% used [0x00000000fca00000,0x00000000fd55ae68,0x00000000fd580000)
  to   space 21504K, 0% used [0x00000000fdf00000,0x00000000fdf00000,0x00000000ff400000)
 ParOldGen       total 95744K, used 51783K [0x00000000e0000000, 0x00000000e5d80000, 0x00000000f5580000)
  object space 95744K, 54% used [0x00000000e0000000,0x00000000e3291c08,0x00000000e5d80000)
 Metaspace       used 80158K, capacity 86676K, committed 86912K, reserved 1124352K
  class space    used 9651K, capacity 11783K, committed 11904K, reserved 1048576K
}
Event: 160.168 GC heap before
{Heap before GC invocations=18 (full 5):
 PSYoungGen      total 131072K, used 11627K [0x00000000f5580000, 0x00000000ff400000, 0x0000000100000000)
  eden space 119296K, 0% used [0x00000000f5580000,0x00000000f5580000,0x00000000fca00000)
  from space 11776K, 98% used [0x00000000fca00000,0x00000000fd55ae68,0x00000000fd580000)
  to   space 21504K, 0% used [0x00000000fdf00000,0x00000000fdf00000,0x00000000ff400000)
 ParOldGen       total 95744K, used 51783K [0x00000000e0000000, 0x00000000e5d80000, 0x00000000f5580000)
  object space 95744K, 54% used [0x00000000e0000000,0x00000000e3291c08,0x00000000e5d80000)
 Metaspace       used 80158K, capacity 86676K, committed 86912K, reserved 1124352K
  class space    used 9651K, capacity 11783K, committed 11904K, reserved 1048576K
Event: 160.616 GC heap after
Heap after GC invocations=18 (full 5):
 PSYoungGen      total 131072K, used 0K [0x00000000f5580000, 0x00000000ff400000, 0x0000000100000000)
  eden space 119296K, 0% used [0x00000000f5580000,0x00000000f5580000,0x00000000fca00000)
  from space 11776K, 0% used [0x00000000fca00000,0x00000000fca00000,0x00000000fd580000)
  to   space 21504K, 0% used [0x00000000fdf00000,0x00000000fdf00000,0x00000000ff400000)
 ParOldGen       total 95744K, used 52280K [0x00000000e0000000, 0x00000000e5d80000, 0x00000000f5580000)
  object space 95744K, 54% used [0x00000000e0000000,0x00000000e330e168,0x00000000e5d80000)
 Metaspace       used 80158K, capacity 86676K, committed 86912K, reserved 1124352K
  class space    used 9651K, capacity 11783K, committed 11904K, reserved 1048576K
}
Event: 220.161 GC heap before
{Heap before GC invocations=19 (full 5):
 PSYoungGen      total 131072K, used 100890K [0x00000000f5580000, 0x00000000ff400000, 0x0000000100000000)
  eden space 119296K, 84% used [0x00000000f5580000,0x00000000fb806aa0,0x00000000fca00000)
  from space 11776K, 0% used [0x00000000fca00000,0x00000000fca00000,0x00000000fd580000)
  to   space 21504K, 0% used [0x00000000fdf00000,0x00000000fdf00000,0x00000000ff400000)
 ParOldGen       total 95744K, used 52280K [0x00000000e0000000, 0x00000000e5d80000, 0x00000000f5580000)
  object space 95744K, 54% used [0x00000000e0000000,0x00000000e330e168,0x00000000e5d80000)
 Metaspace       used 82316K, capacity 89170K, committed 89216K, reserved 1126400K
  class space    used 9920K, capacity 12138K, committed 12160K, reserved 1048576K
Event: 220.175 GC heap after
Heap after GC invocations=19 (full 5):
 PSYoungGen      total 140800K, used 5533K [0x00000000f5580000, 0x00000000ff400000, 0x0000000100000000)
  eden space 119296K, 0% used [0x00000000f5580000,0x00000000f5580000,0x00000000fca00000)
  from space 21504K, 25% used [0x00000000fdf00000,0x00000000fe4676a0,0x00000000ff400000)
  to   space 21504K, 0% used [0x00000000fca00000,0x00000000fca00000,0x00000000fdf00000)
 ParOldGen       total 95744K, used 52288K [0x00000000e0000000, 0x00000000e5d80000, 0x00000000f5580000)
  object space 95744K, 54% used [0x00000000e0000000,0x00000000e3310168,0x00000000e5d80000)
 Metaspace       used 82316K, capacity 89170K, committed 89216K, reserved 1126400K
  class space    used 9920K, capacity 12138K, committed 12160K, reserved 1048576K
}
Event: 220.175 GC heap before
{Heap before GC invocations=20 (full 6):
 PSYoungGen      total 140800K, used 5533K [0x00000000f5580000, 0x00000000ff400000, 0x0000000100000000)
  eden space 119296K, 0% used [0x00000000f5580000,0x00000000f5580000,0x00000000fca00000)
  from space 21504K, 25% used [0x00000000fdf00000,0x00000000fe4676a0,0x00000000ff400000)
  to   space 21504K, 0% used [0x00000000fca00000,0x00000000fca00000,0x00000000fdf00000)
 ParOldGen       total 95744K, used 52288K [0x00000000e0000000, 0x00000000e5d80000, 0x00000000f5580000)
  object space 95744K, 54% used [0x00000000e0000000,0x00000000e3310168,0x00000000e5d80000)
 Metaspace       used 82316K, capacity 89170K, committed 89216K, reserved 1126400K
  class space    used 9920K, capacity 12138K, committed 12160K, reserved 1048576K
Event: 220.610 GC heap after
Heap after GC invocations=20 (full 6):
 PSYoungGen      total 140800K, used 0K [0x00000000f5580000, 0x00000000ff400000, 0x0000000100000000)
  eden space 119296K, 0% used [0x00000000f5580000,0x00000000f5580000,0x00000000fca00000)
  from space 21504K, 0% used [0x00000000fdf00000,0x00000000fdf00000,0x00000000ff400000)
  to   space 21504K, 0% used [0x00000000fca00000,0x00000000fca00000,0x00000000fdf00000)
 ParOldGen       total 95744K, used 57222K [0x00000000e0000000, 0x00000000e5d80000, 0x00000000f5580000)
  object space 95744K, 59% used [0x00000000e0000000,0x00000000e37e1b68,0x00000000e5d80000)
 Metaspace       used 82316K, capacity 89170K, committed 89216K, reserved 1126400K
  class space    used 9920K, capacity 12138K, committed 12160K, reserved 1048576K
}

