# JRE version: Java(TM) SE Runtime Environment (8.0_66-b18) (build 1.8.0_66-b18)
# Java VM: Java HotSpot(TM) 64-Bit Server VM (25.66-b18 mixed mode windows-amd64 compressed oops)
Heap:
 PSYoungGen      total 155648K, used 105489K [0x00000000f5580000, 0x00000000ffe80000, 0x0000000100000000)
  eden space 138240K, 73% used [0x00000000f5580000,0x00000000fb9025d8,0x00000000fdc80000)
  from space 17408K, 20% used [0x00000000fdc80000,0x00000000fe001ee8,0x00000000fed80000)
  to   space 16384K, 0% used [0x00000000fee80000,0x00000000fee80000,0x00000000ffe80000)
 ParOldGen       total 119296K, used 56893K [0x00000000e0000000, 0x00000000e7480000, 0x00000000f5580000)
  object space 119296K, 47% used [0x00000000e0000000,0x00000000e378f770,0x00000000e7480000)
 Metaspace       used 95598K, capacity 103336K, committed 103592K, reserved 1138688K
  class space    used 11317K, capacity 13899K, committed 14000K, reserved 1048576K
GC Heap History (10 events):
Event: 1077.265 GC heap before
{Heap before GC invocations=43 (full 17):
 PSYoungGen      total 148992K, used 2176K [0x00000000f5580000, 0x00000000ffa00000, 0x0000000100000000)
  eden space 131584K, 0% used [0x00000000f5580000,0x00000000f5580000,0x00000000fd600000)
  from space 17408K, 12% used [0x00000000fe900000,0x00000000feb20010,0x00000000ffa00000)
  to   space 18432K, 0% used [0x00000000fd600000,0x00000000fd600000,0x00000000fe800000)
 ParOldGen       total 119296K, used 57309K [0x00000000e0000000, 0x00000000e7480000, 0x00000000f5580000)
  object space 119296K, 48% used [0x00000000e0000000,0x00000000e37f7798,0x00000000e7480000)
 Metaspace       used 93269K, capacity 101150K, committed 101288K, reserved 1136640K
  class space    used 11123K, capacity 13696K, committed 13744K, reserved 1048576K
Event: 1077.592 GC heap after
Heap after GC invocations=43 (full 17):
 PSYoungGen      total 148992K, used 0K [0x00000000f5580000, 0x00000000ffa00000, 0x0000000100000000)
  eden space 131584K, 0% used [0x00000000f5580000,0x00000000f5580000,0x00000000fd600000)
  from space 17408K, 0% used [0x00000000fe900000,0x00000000fe900000,0x00000000ffa00000)
  to   space 18432K, 0% used [0x00000000fd600000,0x00000000fd600000,0x00000000fe800000)
 ParOldGen       total 119296K, used 57146K [0x00000000e0000000, 0x00000000e7480000, 0x00000000f5580000)
  object space 119296K, 47% used [0x00000000e0000000,0x00000000e37ce950,0x00000000e7480000)
 Metaspace       used 93269K, capacity 101150K, committed 101288K, reserved 1136640K
  class space    used 11123K, capacity 13696K, committed 13744K, reserved 1048576K
}
Event: 1132.429 GC heap before
{Heap before GC invocations=44 (full 17):
 PSYoungGen      total 148992K, used 131584K [0x00000000f5580000, 0x00000000ffa00000, 0x0000000100000000)
  eden space 131584K, 100% used [0x00000000f5580000,0x00000000fd600000,0x00000000fd600000)
  from space 17408K, 0% used [0x00000000fe900000,0x00000000fe900000,0x00000000ffa00000)
  to   space 18432K, 0% used [0x00000000fd600000,0x00000000fd600000,0x00000000fe800000)
 ParOldGen       total 119296K, used 57146K [0x00000000e0000000, 0x00000000e7480000, 0x00000000f5580000)
  object space 119296K, 47% used [0x00000000e0000000,0x00000000e37ce950,0x00000000e7480000)
 Metaspace       used 93694K, capacity 101712K, committed 101800K, reserved 1136640K
  class space    used 11140K, capacity 13731K, committed 13744K, reserved 1048576K
Event: 1132.433 GC heap after
Heap after GC invocations=44 (full 17):
 PSYoungGen      total 150016K, used 942K [0x00000000f5580000, 0x00000000fff80000, 0x0000000100000000)
  eden space 131584K, 0% used [0x00000000f5580000,0x00000000f5580000,0x00000000fd600000)
  from space 18432K, 5% used [0x00000000fd600000,0x00000000fd6eb830,0x00000000fe800000)
  to   space 17920K, 0% used [0x00000000fee00000,0x00000000fee00000,0x00000000fff80000)
 ParOldGen       total 119296K, used 57154K [0x00000000e0000000, 0x00000000e7480000, 0x00000000f5580000)
  object space 119296K, 47% used [0x00000000e0000000,0x00000000e37d0950,0x00000000e7480000)
 Metaspace       used 93694K, capacity 101712K, committed 101800K, reserved 1136640K
  class space    used 11140K, capacity 13731K, committed 13744K, reserved 1048576K
}
Event: 1138.504 GC heap before
{Heap before GC invocations=45 (full 17):
 PSYoungGen      total 150016K, used 21998K [0x00000000f5580000, 0x00000000fff80000, 0x0000000100000000)
  eden space 131584K, 16% used [0x00000000f5580000,0x00000000f6a0fff0,0x00000000fd600000)
  from space 18432K, 5% used [0x00000000fd600000,0x00000000fd6eb830,0x00000000fe800000)
  to   space 17920K, 0% used [0x00000000fee00000,0x00000000fee00000,0x00000000fff80000)
 ParOldGen       total 119296K, used 57154K [0x00000000e0000000, 0x00000000e7480000, 0x00000000f5580000)
  object space 119296K, 47% used [0x00000000e0000000,0x00000000e37d0950,0x00000000e7480000)
 Metaspace       used 93726K, capacity 101840K, committed 102056K, reserved 1138688K
  class space    used 11140K, capacity 13731K, committed 13744K, reserved 1048576K
Event: 1138.511 GC heap after
Heap after GC invocations=45 (full 17):
 PSYoungGen      total 155136K, used 2078K [0x00000000f5580000, 0x00000000ffe80000, 0x0000000100000000)
  eden space 138240K, 0% used [0x00000000f5580000,0x00000000f5580000,0x00000000fdc80000)
  from space 16896K, 12% used [0x00000000fee00000,0x00000000ff0078f0,0x00000000ffe80000)
  to   space 17408K, 0% used [0x00000000fdc80000,0x00000000fdc80000,0x00000000fed80000)
 ParOldGen       total 119296K, used 57154K [0x00000000e0000000, 0x00000000e7480000, 0x00000000f5580000)
  object space 119296K, 47% used [0x00000000e0000000,0x00000000e37d0950,0x00000000e7480000)
 Metaspace       used 93726K, capacity 101840K, committed 102056K, reserved 1138688K
  class space    used 11140K, capacity 13731K, committed 13744K, reserved 1048576K
}
Event: 1138.511 GC heap before
{Heap before GC invocations=46 (full 18):
 PSYoungGen      total 155136K, used 2078K [0x00000000f5580000, 0x00000000ffe80000, 0x0000000100000000)
  eden space 138240K, 0% used [0x00000000f5580000,0x00000000f5580000,0x00000000fdc80000)
  from space 16896K, 12% used [0x00000000fee00000,0x00000000ff0078f0,0x00000000ffe80000)
  to   space 17408K, 0% used [0x00000000fdc80000,0x00000000fdc80000,0x00000000fed80000)
 ParOldGen       total 119296K, used 57154K [0x00000000e0000000, 0x00000000e7480000, 0x00000000f5580000)
  object space 119296K, 47% used [0x00000000e0000000,0x00000000e37d0950,0x00000000e7480000)
 Metaspace       used 93726K, capacity 101840K, committed 102056K, reserved 1138688K
  class space    used 11140K, capacity 13731K, committed 13744K, reserved 1048576K
Event: 1138.768 GC heap after
Heap after GC invocations=46 (full 18):
 PSYoungGen      total 155136K, used 0K [0x00000000f5580000, 0x00000000ffe80000, 0x0000000100000000)
  eden space 138240K, 0% used [0x00000000f5580000,0x00000000f5580000,0x00000000fdc80000)
  from space 16896K, 0% used [0x00000000fee00000,0x00000000fee00000,0x00000000ffe80000)
  to   space 17408K, 0% used [0x00000000fdc80000,0x00000000fdc80000,0x00000000fed80000)
 ParOldGen       total 119296K, used 56885K [0x00000000e0000000, 0x00000000e7480000, 0x00000000f5580000)
  object space 119296K, 47% used [0x00000000e0000000,0x00000000e378d770,0x00000000e7480000)
 Metaspace       used 93726K, capacity 101840K, committed 102056K, reserved 1138688K
  class space    used 11140K, capacity 13731K, committed 13744K, reserved 1048576K
}
Event: 1184.064 GC heap before
{Heap before GC invocations=47 (full 18):
 PSYoungGen      total 155136K, used 138240K [0x00000000f5580000, 0x00000000ffe80000, 0x0000000100000000)
  eden space 138240K, 100% used [0x00000000f5580000,0x00000000fdc80000,0x00000000fdc80000)
  from space 16896K, 0% used [0x00000000fee00000,0x00000000fee00000,0x00000000ffe80000)
  to   space 17408K, 0% used [0x00000000fdc80000,0x00000000fdc80000,0x00000000fed80000)
 ParOldGen       total 119296K, used 56885K [0x00000000e0000000, 0x00000000e7480000, 0x00000000f5580000)
  object space 119296K, 47% used [0x00000000e0000000,0x00000000e378d770,0x00000000e7480000)
 Metaspace       used 94716K, capacity 102652K, committed 102952K, reserved 1138688K
  class space    used 11233K, capacity 13829K, committed 13872K, reserved 1048576K
Event: 1184.075 GC heap after
Heap after GC invocations=47 (full 18):
 PSYoungGen      total 155648K, used 3591K [0x00000000f5580000, 0x00000000ffe80000, 0x0000000100000000)
  eden space 138240K, 0% used [0x00000000f5580000,0x00000000f5580000,0x00000000fdc80000)
  from space 17408K, 20% used [0x00000000fdc80000,0x00000000fe001ee8,0x00000000fed80000)
  to   space 16384K, 0% used [0x00000000fee80000,0x00000000fee80000,0x00000000ffe80000)
 ParOldGen       total 119296K, used 56893K [0x00000000e0000000, 0x00000000e7480000, 0x00000000f5580000)
  object space 119296K, 47% used [0x00000000e0000000,0x00000000e378f770,0x00000000e7480000)
 Metaspace       used 94716K, capacity 102652K, committed 102952K, reserved 1138688K
  class space    used 11233K, capacity 13829K, committed 13872K, reserved 1048576K
}

